  [1m[36mSQL (0.0ms)[0m  [1m SELECT name
 FROM sqlite_master
 WHERE type = 'table' AND NOT name = 'sqlite_sequence'
[0m
  [1m[35mSQL (0.0ms)[0m  select sqlite_version(*)
  [1m[36mSQL (78.1ms)[0m  [1mCREATE TABLE "schema_migrations" ("version" varchar(255) NOT NULL) [0m
  [1m[35mSQL (0.0ms)[0m  PRAGMA index_list("schema_migrations")
  [1m[36mSQL (109.4ms)[0m  [1mCREATE UNIQUE INDEX "unique_schema_migrations" ON "schema_migrations" ("version")[0m
  [1m[35mSQL (0.0ms)[0m   SELECT name
 FROM sqlite_master
 WHERE type = 'table' AND NOT name = 'sqlite_sequence'
  [1m[36mSQL (0.0ms)[0m  [1m SELECT name
 FROM sqlite_master
 WHERE type = 'table' AND NOT name = 'sqlite_sequence'
[0m
  [1m[35mSQL (0.0ms)[0m  SELECT "schema_migrations"."version" FROM "schema_migrations"
Migrating to CreateProducts (20120717110031)
  [1m[36mSQL (0.0ms)[0m  [1mCREATE TABLE "products" ("id" INTEGER PRIMARY KEY AUTOINCREMENT NOT NULL, "title" varchar(255), "description" text, "image_url" varchar(255), "price" decimal, "created_at" datetime, "updated_at" datetime) [0m
  [1m[35mSQL (0.0ms)[0m  INSERT INTO "schema_migrations" ("version") VALUES ('20120717110031')
Migrating to CreateCarts (20120717143100)
  [1m[36mSQL (15.6ms)[0m  [1mCREATE TABLE "carts" ("id" INTEGER PRIMARY KEY AUTOINCREMENT NOT NULL, "created_at" datetime, "updated_at" datetime) [0m
  [1m[35mSQL (0.0ms)[0m  INSERT INTO "schema_migrations" ("version") VALUES ('20120717143100')
Migrating to CreateLineItems (20120717143840)
  [1m[36mSQL (0.0ms)[0m  [1mCREATE TABLE "line_items" ("id" INTEGER PRIMARY KEY AUTOINCREMENT NOT NULL, "product_id" integer, "cart_id" integer, "created_at" datetime, "updated_at" datetime) [0m
  [1m[35mSQL (0.0ms)[0m  INSERT INTO "schema_migrations" ("version") VALUES ('20120717143840')
Migrating to AddQuantityToLineItem (20120717161719)
  [1m[36mSQL (0.0ms)[0m  [1mALTER TABLE "line_items" ADD "quantity" integer DEFAULT 1[0m
  [1m[35mSQL (0.0ms)[0m  INSERT INTO "schema_migrations" ("version") VALUES ('20120717161719')
Migrating to CombineItemsInCart (20120717162913)
  [1m[36mCart Load (0.0ms)[0m  [1mSELECT "carts".* FROM "carts"[0m
  [1m[35mSQL (15.6ms)[0m  INSERT INTO "schema_migrations" ("version") VALUES ('20120717162913')
Migrating to CreateOrders (20120726022224)
  [1m[36mSQL (0.0ms)[0m  [1mCREATE TABLE "orders" ("id" INTEGER PRIMARY KEY AUTOINCREMENT NOT NULL, "name" varchar(255), "address" text, "email" varchar(255), "pay_type" varchar(255), "created_at" datetime, "updated_at" datetime) [0m
  [1m[35mSQL (0.0ms)[0m  INSERT INTO "schema_migrations" ("version") VALUES ('20120726022224')
Migrating to AddOrderIdToLineItem (20120726022321)
  [1m[36mSQL (15.6ms)[0m  [1mALTER TABLE "line_items" ADD "order_id" integer[0m
  [1m[35mSQL (0.0ms)[0m  INSERT INTO "schema_migrations" ("version") VALUES ('20120726022321')
Migrating to CreateUsers (20120727163424)
  [1m[36mSQL (0.0ms)[0m  [1mCREATE TABLE "users" ("id" INTEGER PRIMARY KEY AUTOINCREMENT NOT NULL, "name" varchar(255), "hashed_password" varchar(255), "salt" varchar(255), "created_at" datetime, "updated_at" datetime) [0m
  [1m[35mSQL (0.0ms)[0m  INSERT INTO "schema_migrations" ("version") VALUES ('20120727163424')
  [1m[36mSQL (0.0ms)[0m  [1m SELECT name
 FROM sqlite_master
 WHERE type = 'table' AND NOT name = 'sqlite_sequence'
[0m
  [1m[35mSQL (15.6ms)[0m  SELECT "schema_migrations"."version" FROM "schema_migrations"
  [1m[36mSQL (0.0ms)[0m  [1m SELECT name
 FROM sqlite_master
 WHERE type = 'table' AND NOT name = 'sqlite_sequence'
[0m
  [1m[35mSQL (0.0ms)[0m  PRAGMA index_list("carts")
  [1m[36mSQL (0.0ms)[0m  [1mPRAGMA index_list("line_items")[0m
  [1m[35mSQL (0.0ms)[0m  PRAGMA index_list("orders")
  [1m[36mSQL (0.0ms)[0m  [1mPRAGMA index_list("products")[0m
  [1m[35mSQL (0.0ms)[0m  PRAGMA index_list("users")
  [1m[36mSQL (15.6ms)[0m  [1m SELECT name
 FROM sqlite_master
 WHERE type = 'table' AND NOT name = 'sqlite_sequence'
[0m
  [1m[35mSQL (0.0ms)[0m   SELECT name
 FROM sqlite_master
 WHERE type = 'table' AND NOT name = 'sqlite_sequence'
  [1m[36mSQL (0.0ms)[0m  [1mSELECT "schema_migrations"."version" FROM "schema_migrations"[0m
  [1m[35mAREL (0.0ms)[0m  DELETE FROM "products" WHERE 1=1
  [1m[36mSQL (0.0ms)[0m  [1mSELECT 1 FROM "products" WHERE ("products"."title" = 'Web Design for Developers') LIMIT 1[0m
  [1m[35mAREL (0.0ms)[0m  INSERT INTO "products" ("updated_at", "title", "description", "created_at", "image_url", "price") VALUES ('2012-07-30 05:47:16.734375', 'Web Design for Developers', '<p>
 <em>Web Design for Developers</em> will show you how to make your
 web-based application look professionally designed. We''ll help you
 learn how to pick the right colors and fonts, avoid costly interface
 and accessibility mistakes -- your application will really come alive.
 We''ll also walk you through some common Photoshop and CSS techniques
 and work through a web site redesign, taking a new design from concept
 all the way to implementation.
 </p>', '2012-07-30 05:47:16.734375', '/images/wd4d.jpg', 42.95)
  [1m[36mSQL (0.0ms)[0m  [1mSELECT 1 FROM "products" WHERE ("products"."title" = 'Programming Ruby 1.9') LIMIT 1[0m
  [1m[35mAREL (0.0ms)[0m  INSERT INTO "products" ("updated_at", "title", "description", "created_at", "image_url", "price") VALUES ('2012-07-30 05:47:16.875000', 'Programming Ruby 1.9', '<p>
 Ruby is the fastest growing and most exciting dynamic language
 out there. If you need to get working programs delivered fast,
 you should add Ruby to your toolbox.
 </p>', '2012-07-30 05:47:16.875000', '/images/ruby.jpg', 49.5)
  [1m[36mSQL (0.0ms)[0m  [1mSELECT 1 FROM "products" WHERE ("products"."title" = 'Rails Test Prescriptions') LIMIT 1[0m
  [1m[35mAREL (0.0ms)[0m  INSERT INTO "products" ("updated_at", "title", "description", "created_at", "image_url", "price") VALUES ('2012-07-30 05:47:16.968750', 'Rails Test Prescriptions', '<p>
 <em>Rails Test Prescriptions</em> is a comprehensive guide to testing
 Rails applications, covering Test-Driven Development from both a
 theoretical perspective (why to test) and from a practical perspective
 (how to test effectively). It covers the core Rails testing tools and
 procedures for Rails 2 and Rails 3, and introduces popular add-ons,
 including Cucumber, Shoulda, Machinist, Mocha, and Rcov.
 </p>', '2012-07-30 05:47:16.968750', '/images/rtp.jpg', 43.75)
  [1m[36mSQL (0.0ms)[0m  [1m SELECT name
 FROM sqlite_master
 WHERE type = 'table' AND NOT name = 'sqlite_sequence'
[0m
  [1m[35mSQL (0.0ms)[0m   SELECT name
 FROM sqlite_master
 WHERE type = 'table' AND NOT name = 'sqlite_sequence'
  [1m[36mSQL (0.0ms)[0m  [1mSELECT "schema_migrations"."version" FROM "schema_migrations"[0m
  [1m[35mSQL (0.0ms)[0m  select sqlite_version(*)
  [1m[36mSQL (0.0ms)[0m  [1m SELECT name
 FROM sqlite_master
 WHERE type = 'table' AND NOT name = 'sqlite_sequence'
[0m
  [1m[35mSQL (78.1ms)[0m  CREATE TABLE "carts" ("id" INTEGER PRIMARY KEY AUTOINCREMENT NOT NULL, "created_at" datetime, "updated_at" datetime) 
  [1m[36mSQL (0.0ms)[0m  [1m SELECT name
 FROM sqlite_master
 WHERE type = 'table' AND NOT name = 'sqlite_sequence'
[0m
  [1m[35mSQL (78.1ms)[0m  CREATE TABLE "line_items" ("id" INTEGER PRIMARY KEY AUTOINCREMENT NOT NULL, "product_id" integer, "cart_id" integer, "created_at" datetime, "updated_at" datetime, "quantity" integer DEFAULT 1, "order_id" integer) 
  [1m[36mSQL (0.0ms)[0m  [1m SELECT name
 FROM sqlite_master
 WHERE type = 'table' AND NOT name = 'sqlite_sequence'
[0m
  [1m[35mSQL (62.5ms)[0m  CREATE TABLE "orders" ("id" INTEGER PRIMARY KEY AUTOINCREMENT NOT NULL, "name" varchar(255), "address" text, "email" varchar(255), "pay_type" varchar(255), "created_at" datetime, "updated_at" datetime) 
  [1m[36mSQL (0.0ms)[0m  [1m SELECT name
 FROM sqlite_master
 WHERE type = 'table' AND NOT name = 'sqlite_sequence'
[0m
  [1m[35mSQL (46.9ms)[0m  CREATE TABLE "products" ("id" INTEGER PRIMARY KEY AUTOINCREMENT NOT NULL, "title" varchar(255), "description" text, "image_url" varchar(255), "price" decimal, "created_at" datetime, "updated_at" datetime) 
  [1m[36mSQL (0.0ms)[0m  [1m SELECT name
 FROM sqlite_master
 WHERE type = 'table' AND NOT name = 'sqlite_sequence'
[0m
  [1m[35mSQL (78.1ms)[0m  CREATE TABLE "users" ("id" INTEGER PRIMARY KEY AUTOINCREMENT NOT NULL, "name" varchar(255), "hashed_password" varchar(255), "salt" varchar(255), "created_at" datetime, "updated_at" datetime) 
  [1m[36mSQL (0.0ms)[0m  [1m SELECT name
 FROM sqlite_master
 WHERE type = 'table' AND NOT name = 'sqlite_sequence'
[0m
  [1m[35mSQL (62.5ms)[0m  CREATE TABLE "schema_migrations" ("version" varchar(255) NOT NULL) 
  [1m[36mSQL (0.0ms)[0m  [1mPRAGMA index_list("schema_migrations")[0m
  [1m[35mSQL (62.5ms)[0m  CREATE UNIQUE INDEX "unique_schema_migrations" ON "schema_migrations" ("version")
  [1m[36mSQL (0.0ms)[0m  [1m SELECT name
 FROM sqlite_master
 WHERE type = 'table' AND NOT name = 'sqlite_sequence'
[0m
  [1m[35mSQL (0.0ms)[0m  SELECT version FROM "schema_migrations"
  [1m[36mSQL (78.1ms)[0m  [1mINSERT INTO "schema_migrations" (version) VALUES ('20120727163424')[0m
  [1m[35mSQL (62.5ms)[0m  INSERT INTO "schema_migrations" (version) VALUES ('20120717110031')
  [1m[36mSQL (78.1ms)[0m  [1mINSERT INTO "schema_migrations" (version) VALUES ('20120717143100')[0m
  [1m[35mSQL (62.5ms)[0m  INSERT INTO "schema_migrations" (version) VALUES ('20120717143840')
  [1m[36mSQL (46.9ms)[0m  [1mINSERT INTO "schema_migrations" (version) VALUES ('20120717161719')[0m
  [1m[35mSQL (62.5ms)[0m  INSERT INTO "schema_migrations" (version) VALUES ('20120717162913')
  [1m[36mSQL (62.5ms)[0m  [1mINSERT INTO "schema_migrations" (version) VALUES ('20120726022224')[0m
  [1m[35mSQL (93.8ms)[0m  INSERT INTO "schema_migrations" (version) VALUES ('20120726022321')


Started GET "/" for 127.0.0.1 at Mon Jul 30 13:48:28 +0800 2012
  Processing by StoreController#index as HTML
  [1m[36mProduct Load (15.6ms)[0m  [1mSELECT "products".* FROM "products" ORDER BY title[0m
  [1m[35mSQL (0.0ms)[0m   SELECT name
 FROM sqlite_master
 WHERE type = 'table' AND NOT name = 'sqlite_sequence'
  [1m[36mCart Load (0.0ms)[0m  [1mSELECT "carts".* FROM "carts" WHERE "carts"."id" = 5 LIMIT 1[0m
  [1m[35mAREL (15.6ms)[0m  INSERT INTO "carts" ("updated_at", "created_at") VALUES ('2012-07-30 05:48:30.953125', '2012-07-30 05:48:30.953125')
  [1m[36mSQL (0.0ms)[0m  [1mSELECT COUNT(*) FROM "line_items" WHERE ("line_items".cart_id = 1)[0m
Rendered carts/_cart.html.erb (0.0ms)
Rendered store/index.html.erb within layouts/application (125.0ms)
Completed 200 OK in 328ms (Views: 140.6ms | ActiveRecord: 31.3ms)


Started POST "/line_items?product_id=2" for 127.0.0.1 at Mon Jul 30 13:48:38 +0800 2012
  Processing by LineItemsController#create as JS
  Parameters: {"product_id"=>"2", "authenticity_token"=>"Q0u5p4Ly0YHmVikBU2C8Pyyf4JpVPgmVywjME/q/lRk="}
  [1m[35mCart Load (0.0ms)[0m  SELECT "carts".* FROM "carts" WHERE "carts"."id" = 1 LIMIT 1
  [1m[36mProduct Load (0.0ms)[0m  [1mSELECT "products".* FROM "products" WHERE "products"."id" = 2 ORDER BY title LIMIT 1[0m
  [1m[35mLineItem Load (0.0ms)[0m  SELECT "line_items".* FROM "line_items" WHERE "line_items"."product_id" = 2 AND ("line_items".cart_id = 1) LIMIT 1
  [1m[36mAREL (0.0ms)[0m  [1mINSERT INTO "line_items" ("product_id", "updated_at", "cart_id", "quantity", "created_at", "order_id") VALUES (2, '2012-07-30 05:48:39.015625', 1, 1, '2012-07-30 05:48:39.015625', NULL)[0m
  [1m[35mSQL (0.0ms)[0m  SELECT COUNT(*) FROM "line_items" WHERE ("line_items".cart_id = 1)
  [1m[36mLineItem Load (0.0ms)[0m  [1mSELECT "line_items".* FROM "line_items" WHERE ("line_items".cart_id = 1)[0m
  [1m[35mProduct Load (0.0ms)[0m  SELECT "products".* FROM "products" WHERE "products"."id" = 2 ORDER BY title LIMIT 1
Rendered line_items/_line_item.html.erb (0.0ms)
Rendered carts/_cart.html.erb (15.6ms)
  [1m[36mSQL (0.0ms)[0m  [1mSELECT SUM("line_items"."quantity") AS sum_id FROM "line_items" WHERE ("line_items".cart_id = 1)[0m
Rendered line_items/create.js.rjs (31.2ms)
Completed 200 OK in 266ms (Views: 93.8ms | ActiveRecord: 0.0ms)


Started POST "/line_items?product_id=3" for 127.0.0.1 at Mon Jul 30 13:48:39 +0800 2012
  Processing by LineItemsController#create as JS
  Parameters: {"product_id"=>"3", "authenticity_token"=>"Q0u5p4Ly0YHmVikBU2C8Pyyf4JpVPgmVywjME/q/lRk="}
  [1m[35mCart Load (0.0ms)[0m  SELECT "carts".* FROM "carts" WHERE "carts"."id" = 1 LIMIT 1
  [1m[36mProduct Load (0.0ms)[0m  [1mSELECT "products".* FROM "products" WHERE "products"."id" = 3 ORDER BY title LIMIT 1[0m
  [1m[35mLineItem Load (0.0ms)[0m  SELECT "line_items".* FROM "line_items" WHERE "line_items"."product_id" = 3 AND ("line_items".cart_id = 1) LIMIT 1
  [1m[36mAREL (0.0ms)[0m  [1mINSERT INTO "line_items" ("product_id", "cart_id", "quantity", "created_at", "updated_at", "order_id") VALUES (3, 1, 1, '2012-07-30 05:48:40.031250', '2012-07-30 05:48:40.031250', NULL)[0m
  [1m[35mSQL (0.0ms)[0m  SELECT COUNT(*) FROM "line_items" WHERE ("line_items".cart_id = 1)
  [1m[36mLineItem Load (0.0ms)[0m  [1mSELECT "line_items".* FROM "line_items" WHERE ("line_items".cart_id = 1)[0m
  [1m[35mProduct Load (0.0ms)[0m  SELECT "products".* FROM "products" WHERE "products"."id" = 2 ORDER BY title LIMIT 1
  [1m[36mProduct Load (0.0ms)[0m  [1mSELECT "products".* FROM "products" WHERE "products"."id" = 3 ORDER BY title LIMIT 1[0m
Rendered line_items/_line_item.html.erb (15.6ms)
Rendered carts/_cart.html.erb (15.6ms)
  [1m[35mSQL (15.6ms)[0m  SELECT SUM("line_items"."quantity") AS sum_id FROM "line_items" WHERE ("line_items".cart_id = 1)
Rendered line_items/create.js.rjs (46.9ms)
Completed 200 OK in 234ms (Views: 62.5ms | ActiveRecord: 15.6ms)


Started POST "/line_items?product_id=1" for 127.0.0.1 at Mon Jul 30 13:48:41 +0800 2012
  Processing by LineItemsController#create as JS
  Parameters: {"product_id"=>"1", "authenticity_token"=>"Q0u5p4Ly0YHmVikBU2C8Pyyf4JpVPgmVywjME/q/lRk="}
  [1m[36mCart Load (0.0ms)[0m  [1mSELECT "carts".* FROM "carts" WHERE "carts"."id" = 1 LIMIT 1[0m
  [1m[35mProduct Load (0.0ms)[0m  SELECT "products".* FROM "products" WHERE "products"."id" = 1 ORDER BY title LIMIT 1
  [1m[36mLineItem Load (0.0ms)[0m  [1mSELECT "line_items".* FROM "line_items" WHERE "line_items"."product_id" = 1 AND ("line_items".cart_id = 1) LIMIT 1[0m
  [1m[35mAREL (15.6ms)[0m  INSERT INTO "line_items" ("order_id", "cart_id", "product_id", "quantity", "created_at", "updated_at") VALUES (NULL, 1, 1, 1, '2012-07-30 05:48:41.531250', '2012-07-30 05:48:41.531250')
  [1m[36mSQL (0.0ms)[0m  [1mSELECT COUNT(*) FROM "line_items" WHERE ("line_items".cart_id = 1)[0m
  [1m[35mLineItem Load (0.0ms)[0m  SELECT "line_items".* FROM "line_items" WHERE ("line_items".cart_id = 1)
  [1m[36mProduct Load (0.0ms)[0m  [1mSELECT "products".* FROM "products" WHERE "products"."id" = 2 ORDER BY title LIMIT 1[0m
  [1m[35mProduct Load (0.0ms)[0m  SELECT "products".* FROM "products" WHERE "products"."id" = 3 ORDER BY title LIMIT 1
  [1m[36mProduct Load (0.0ms)[0m  [1mSELECT "products".* FROM "products" WHERE "products"."id" = 1 ORDER BY title LIMIT 1[0m
Rendered line_items/_line_item.html.erb (0.0ms)
Rendered carts/_cart.html.erb (31.2ms)
  [1m[35mSQL (0.0ms)[0m  SELECT SUM("line_items"."quantity") AS sum_id FROM "line_items" WHERE ("line_items".cart_id = 1)
Rendered line_items/create.js.rjs (46.9ms)
Completed 200 OK in 484ms (Views: 78.1ms | ActiveRecord: 15.6ms)


Started GET "/orders/new" for 127.0.0.1 at Mon Jul 30 13:48:42 +0800 2012
  Processing by OrdersController#new as HTML
  [1m[36mCart Load (0.0ms)[0m  [1mSELECT "carts".* FROM "carts" WHERE "carts"."id" = 1 LIMIT 1[0m
  [1m[35mSQL (0.0ms)[0m  SELECT COUNT(*) FROM "line_items" WHERE ("line_items".cart_id = 1)
Rendered orders/_form.html.erb (187.5ms)
Rendered orders/new.html.erb within layouts/application (187.5ms)
Completed 200 OK in 266ms (Views: 218.8ms | ActiveRecord: 0.0ms)


Started POST "/carts/1" for 127.0.0.1 at Mon Jul 30 13:48:49 +0800 2012
  Processing by CartsController#destroy as HTML
  Parameters: {"authenticity_token"=>"Q0u5p4Ly0YHmVikBU2C8Pyyf4JpVPgmVywjME/q/lRk=", "id"=>"1"}
  [1m[36mUser Load (0.0ms)[0m  [1mSELECT "users".* FROM "users" WHERE "users"."id" IS NULL LIMIT 1[0m
Redirected to http://localhost:3000/login
Completed 302 Found in 31ms


Started GET "/login" for 127.0.0.1 at Mon Jul 30 13:48:49 +0800 2012
  Processing by SessionsController#new as HTML
Rendered sessions/new.html.erb within layouts/application (15.6ms)
Completed 200 OK in 31ms (Views: 31.2ms | ActiveRecord: 0.0ms)


Started GET "/" for 127.0.0.1 at Mon Jul 30 13:48:57 +0800 2012
  Processing by StoreController#index as HTML
  [1m[35mProduct Load (0.0ms)[0m  SELECT "products".* FROM "products" ORDER BY title
  [1m[36mCart Load (0.0ms)[0m  [1mSELECT "carts".* FROM "carts" WHERE "carts"."id" = 1 LIMIT 1[0m
  [1m[35mSQL (0.0ms)[0m  SELECT COUNT(*) FROM "line_items" WHERE ("line_items".cart_id = 1)
  [1m[36mCACHE (0.0ms)[0m  [1mSELECT COUNT(*) FROM "line_items" WHERE ("line_items".cart_id = 1)[0m
  [1m[35mLineItem Load (0.0ms)[0m  SELECT "line_items".* FROM "line_items" WHERE ("line_items".cart_id = 1)
  [1m[36mProduct Load (0.0ms)[0m  [1mSELECT "products".* FROM "products" WHERE "products"."id" = 2 ORDER BY title LIMIT 1[0m
  [1m[35mProduct Load (0.0ms)[0m  SELECT "products".* FROM "products" WHERE "products"."id" = 3 ORDER BY title LIMIT 1
  [1m[36mProduct Load (0.0ms)[0m  [1mSELECT "products".* FROM "products" WHERE "products"."id" = 1 ORDER BY title LIMIT 1[0m
Rendered line_items/_line_item.html.erb (15.6ms)
Rendered carts/_cart.html.erb (46.9ms)
Rendered store/index.html.erb within layouts/application (156.2ms)
Completed 200 OK in 203ms (Views: 171.9ms | ActiveRecord: 0.0ms)


Started POST "/carts/1" for 127.0.0.1 at Mon Jul 30 13:49:00 +0800 2012
  Processing by CartsController#destroy as HTML
  Parameters: {"authenticity_token"=>"Q0u5p4Ly0YHmVikBU2C8Pyyf4JpVPgmVywjME/q/lRk=", "id"=>"1"}
  [1m[35mUser Load (0.0ms)[0m  SELECT "users".* FROM "users" WHERE "users"."id" IS NULL LIMIT 1
Redirected to http://localhost:3000/login
Completed 302 Found in 16ms


Started GET "/login" for 127.0.0.1 at Mon Jul 30 13:49:00 +0800 2012
  Processing by SessionsController#new as HTML
Rendered sessions/new.html.erb within layouts/application (0.0ms)
Completed 200 OK in 31ms (Views: 31.2ms | ActiveRecord: 0.0ms)


Started POST "/login" for 127.0.0.1 at Mon Jul 30 13:49:11 +0800 2012
  Processing by SessionsController#create as HTML
  Parameters: {"name"=>"zhjian25", "commit"=>"Login", "authenticity_token"=>"Q0u5p4Ly0YHmVikBU2C8Pyyf4JpVPgmVywjME/q/lRk=", "utf8"=>"✓", "password"=>"[FILTERED]"}
  [1m[36mUser Load (0.0ms)[0m  [1mSELECT "users".* FROM "users" WHERE "users"."name" = 'zhjian25' LIMIT 1[0m
Redirected to http://localhost:3000/login
Completed 302 Found in 31ms


Started GET "/login" for 127.0.0.1 at Mon Jul 30 13:49:11 +0800 2012
  Processing by SessionsController#new as HTML
Rendered sessions/new.html.erb within layouts/application (0.0ms)
Completed 200 OK in 31ms (Views: 31.2ms | ActiveRecord: 0.0ms)


Started GET "/" for 127.0.0.1 at Mon Jul 30 13:52:06 +0800 2012
  Processing by StoreController#index as HTML
  [1m[35mProduct Load (0.0ms)[0m  SELECT "products".* FROM "products" ORDER BY title
  [1m[36mCart Load (0.0ms)[0m  [1mSELECT "carts".* FROM "carts" WHERE "carts"."id" = 1 LIMIT 1[0m
  [1m[35mSQL (0.0ms)[0m  SELECT COUNT(*) FROM "line_items" WHERE ("line_items".cart_id = 1)
  [1m[36mCACHE (0.0ms)[0m  [1mSELECT COUNT(*) FROM "line_items" WHERE ("line_items".cart_id = 1)[0m
  [1m[35mLineItem Load (0.0ms)[0m  SELECT "line_items".* FROM "line_items" WHERE ("line_items".cart_id = 1)
  [1m[36mProduct Load (0.0ms)[0m  [1mSELECT "products".* FROM "products" WHERE "products"."id" = 2 ORDER BY title LIMIT 1[0m
  [1m[35mProduct Load (0.0ms)[0m  SELECT "products".* FROM "products" WHERE "products"."id" = 3 ORDER BY title LIMIT 1
  [1m[36mProduct Load (0.0ms)[0m  [1mSELECT "products".* FROM "products" WHERE "products"."id" = 1 ORDER BY title LIMIT 1[0m
Rendered line_items/_line_item.html.erb (140.6ms)
Rendered carts/_cart.html.erb (156.2ms)
Rendered store/index.html.erb within layouts/application (218.8ms)
Completed 200 OK in 281ms (Views: 234.4ms | ActiveRecord: 0.0ms)


Started POST "/carts/1" for 127.0.0.1 at Mon Jul 30 13:52:10 +0800 2012
  Processing by CartsController#destroy as HTML
  Parameters: {"authenticity_token"=>"Q0u5p4Ly0YHmVikBU2C8Pyyf4JpVPgmVywjME/q/lRk=", "id"=>"1"}
  [1m[35mUser Load (0.0ms)[0m  SELECT "users".* FROM "users" WHERE "users"."id" IS NULL LIMIT 1
Redirected to http://localhost:3000/login
Completed 302 Found in 16ms


Started GET "/login" for 127.0.0.1 at Mon Jul 30 13:52:10 +0800 2012
  Processing by SessionsController#new as HTML
Rendered sessions/new.html.erb within layouts/application (0.0ms)
Completed 200 OK in 31ms (Views: 15.6ms | ActiveRecord: 0.0ms)


Started POST "/login" for 127.0.0.1 at Mon Jul 30 13:52:18 +0800 2012
  Processing by SessionsController#create as HTML
  Parameters: {"name"=>"daved", "commit"=>"Login", "authenticity_token"=>"Q0u5p4Ly0YHmVikBU2C8Pyyf4JpVPgmVywjME/q/lRk=", "utf8"=>"✓", "password"=>"[FILTERED]"}
  [1m[36mUser Load (15.6ms)[0m  [1mSELECT "users".* FROM "users" WHERE "users"."name" = 'daved' LIMIT 1[0m
Redirected to http://localhost:3000/login
Completed 302 Found in 31ms


Started GET "/login" for 127.0.0.1 at Mon Jul 30 13:52:18 +0800 2012
  Processing by SessionsController#new as HTML
Rendered sessions/new.html.erb within layouts/application (0.0ms)
Completed 200 OK in 16ms (Views: 15.6ms | ActiveRecord: 0.0ms)


Started GET "/" for 127.0.0.1 at Mon Jul 30 13:52:24 +0800 2012
  Processing by StoreController#index as HTML
  [1m[35mProduct Load (0.0ms)[0m  SELECT "products".* FROM "products" ORDER BY title
  [1m[36mCart Load (0.0ms)[0m  [1mSELECT "carts".* FROM "carts" WHERE "carts"."id" = 1 LIMIT 1[0m
  [1m[35mSQL (0.0ms)[0m  SELECT COUNT(*) FROM "line_items" WHERE ("line_items".cart_id = 1)
  [1m[36mCACHE (0.0ms)[0m  [1mSELECT COUNT(*) FROM "line_items" WHERE ("line_items".cart_id = 1)[0m
  [1m[35mLineItem Load (0.0ms)[0m  SELECT "line_items".* FROM "line_items" WHERE ("line_items".cart_id = 1)
  [1m[36mProduct Load (0.0ms)[0m  [1mSELECT "products".* FROM "products" WHERE "products"."id" = 2 ORDER BY title LIMIT 1[0m
  [1m[35mProduct Load (0.0ms)[0m  SELECT "products".* FROM "products" WHERE "products"."id" = 3 ORDER BY title LIMIT 1
  [1m[36mProduct Load (0.0ms)[0m  [1mSELECT "products".* FROM "products" WHERE "products"."id" = 1 ORDER BY title LIMIT 1[0m
Rendered line_items/_line_item.html.erb (109.4ms)
Rendered carts/_cart.html.erb (156.2ms)
Rendered store/index.html.erb within layouts/application (203.1ms)
Completed 200 OK in 250ms (Views: 234.4ms | ActiveRecord: 0.0ms)


Started GET "/orders/new" for 127.0.0.1 at Mon Jul 30 13:52:27 +0800 2012
  Processing by OrdersController#new as HTML
  [1m[35mCart Load (0.0ms)[0m  SELECT "carts".* FROM "carts" WHERE "carts"."id" = 1 LIMIT 1
  [1m[36mSQL (0.0ms)[0m  [1mSELECT COUNT(*) FROM "line_items" WHERE ("line_items".cart_id = 1)[0m
Rendered orders/_form.html.erb (250.0ms)
Rendered orders/new.html.erb within layouts/application (265.6ms)
Completed 200 OK in 438ms (Views: 296.9ms | ActiveRecord: 15.6ms)


Started POST "/carts/1" for 127.0.0.1 at Mon Jul 30 13:55:47 +0800 2012
  Processing by CartsController#destroy as HTML
  Parameters: {"authenticity_token"=>"Q0u5p4Ly0YHmVikBU2C8Pyyf4JpVPgmVywjME/q/lRk=", "id"=>"1"}
  [1m[35mUser Load (0.0ms)[0m  SELECT "users".* FROM "users" WHERE "users"."id" IS NULL LIMIT 1
Redirected to http://localhost:3000/login
Completed 302 Found in 16ms


Started GET "/login" for 127.0.0.1 at Mon Jul 30 13:55:47 +0800 2012
  Processing by SessionsController#new as HTML
Rendered sessions/new.html.erb within layouts/application (15.6ms)
Completed 200 OK in 31ms (Views: 31.2ms | ActiveRecord: 0.0ms)


Started POST "/login" for 127.0.0.1 at Mon Jul 30 13:55:56 +0800 2012
  Processing by SessionsController#create as HTML
  Parameters: {"name"=>"dave", "commit"=>"Login", "authenticity_token"=>"Q0u5p4Ly0YHmVikBU2C8Pyyf4JpVPgmVywjME/q/lRk=", "utf8"=>"✓", "password"=>"[FILTERED]"}
  [1m[36mUser Load (0.0ms)[0m  [1mSELECT "users".* FROM "users" WHERE "users"."name" = 'dave' LIMIT 1[0m
Redirected to http://localhost:3000/login
Completed 302 Found in 16ms


Started GET "/login" for 127.0.0.1 at Mon Jul 30 13:55:56 +0800 2012
  Processing by SessionsController#new as HTML
Rendered sessions/new.html.erb within layouts/application (15.6ms)
Completed 200 OK in 31ms (Views: 31.2ms | ActiveRecord: 0.0ms)


Started POST "/login" for 127.0.0.1 at Mon Jul 30 13:56:12 +0800 2012
  Processing by SessionsController#create as HTML
  Parameters: {"name"=>"dave", "commit"=>"Login", "authenticity_token"=>"Q0u5p4Ly0YHmVikBU2C8Pyyf4JpVPgmVywjME/q/lRk=", "utf8"=>"✓", "password"=>"[FILTERED]"}
  [1m[35mUser Load (0.0ms)[0m  SELECT "users".* FROM "users" WHERE "users"."name" = 'dave' LIMIT 1
Redirected to http://localhost:3000/login
Completed 302 Found in 16ms


Started GET "/login" for 127.0.0.1 at Mon Jul 30 13:56:12 +0800 2012
  Processing by SessionsController#new as HTML
Rendered sessions/new.html.erb within layouts/application (15.6ms)
Completed 200 OK in 31ms (Views: 31.2ms | ActiveRecord: 0.0ms)


Started POST "/login" for 127.0.0.1 at Mon Jul 30 13:56:24 +0800 2012
  Processing by SessionsController#create as HTML
  Parameters: {"name"=>"dave", "commit"=>"Login", "authenticity_token"=>"Q0u5p4Ly0YHmVikBU2C8Pyyf4JpVPgmVywjME/q/lRk=", "utf8"=>"✓", "password"=>"[FILTERED]"}
  [1m[36mUser Load (0.0ms)[0m  [1mSELECT "users".* FROM "users" WHERE "users"."name" = 'dave' LIMIT 1[0m
Redirected to http://localhost:3000/login
Completed 302 Found in 16ms


Started GET "/login" for 127.0.0.1 at Mon Jul 30 13:56:24 +0800 2012
  Processing by SessionsController#new as HTML
Rendered sessions/new.html.erb within layouts/application (0.0ms)
Completed 200 OK in 31ms (Views: 31.2ms | ActiveRecord: 0.0ms)


Started POST "/login" for 127.0.0.1 at Mon Jul 30 13:56:46 +0800 2012
  Processing by SessionsController#create as HTML
  Parameters: {"name"=>"dave", "commit"=>"Login", "authenticity_token"=>"Q0u5p4Ly0YHmVikBU2C8Pyyf4JpVPgmVywjME/q/lRk=", "utf8"=>"✓", "password"=>"[FILTERED]"}
  [1m[35mUser Load (0.0ms)[0m  SELECT "users".* FROM "users" WHERE "users"."name" = 'dave' LIMIT 1
Redirected to http://localhost:3000/login
Completed 302 Found in 16ms


Started GET "/login" for 127.0.0.1 at Mon Jul 30 13:56:46 +0800 2012
  Processing by SessionsController#new as HTML
Rendered sessions/new.html.erb within layouts/application (0.0ms)
Completed 200 OK in 31ms (Views: 15.6ms | ActiveRecord: 0.0ms)


Started POST "/login" for 127.0.0.1 at Mon Jul 30 13:57:10 +0800 2012
  Processing by SessionsController#create as HTML
  Parameters: {"name"=>"dave", "commit"=>"Login", "authenticity_token"=>"Q0u5p4Ly0YHmVikBU2C8Pyyf4JpVPgmVywjME/q/lRk=", "utf8"=>"✓", "password"=>"[FILTERED]"}
  [1m[36mUser Load (0.0ms)[0m  [1mSELECT "users".* FROM "users" WHERE "users"."name" = 'dave' LIMIT 1[0m
Redirected to http://localhost:3000/login
Completed 302 Found in 31ms


Started GET "/login" for 127.0.0.1 at Mon Jul 30 13:57:10 +0800 2012
  Processing by SessionsController#new as HTML
Rendered sessions/new.html.erb within layouts/application (0.0ms)
Completed 200 OK in 16ms (Views: 15.6ms | ActiveRecord: 0.0ms)


Started POST "/login" for 127.0.0.1 at Mon Jul 30 13:57:21 +0800 2012
  Processing by SessionsController#create as HTML
  Parameters: {"name"=>"dave", "commit"=>"Login", "authenticity_token"=>"Q0u5p4Ly0YHmVikBU2C8Pyyf4JpVPgmVywjME/q/lRk=", "utf8"=>"✓", "password"=>"[FILTERED]"}
  [1m[35mUser Load (0.0ms)[0m  SELECT "users".* FROM "users" WHERE "users"."name" = 'dave' LIMIT 1
Redirected to http://localhost:3000/login
Completed 302 Found in 16ms


Started GET "/login" for 127.0.0.1 at Mon Jul 30 13:57:21 +0800 2012
  Processing by SessionsController#new as HTML
Rendered sessions/new.html.erb within layouts/application (0.0ms)
Completed 200 OK in 31ms (Views: 31.2ms | ActiveRecord: 0.0ms)


Started POST "/login" for 127.0.0.1 at Mon Jul 30 13:57:51 +0800 2012
  Processing by SessionsController#create as HTML
  Parameters: {"name"=>"dave", "commit"=>"Login", "authenticity_token"=>"Q0u5p4Ly0YHmVikBU2C8Pyyf4JpVPgmVywjME/q/lRk=", "utf8"=>"✓", "password"=>"[FILTERED]"}
  [1m[36mUser Load (0.0ms)[0m  [1mSELECT "users".* FROM "users" WHERE "users"."name" = 'dave' LIMIT 1[0m
Redirected to http://localhost:3000/login
Completed 302 Found in 16ms


Started GET "/login" for 127.0.0.1 at Mon Jul 30 13:57:51 +0800 2012
  Processing by SessionsController#new as HTML
Rendered sessions/new.html.erb within layouts/application (15.6ms)
Completed 200 OK in 31ms (Views: 31.2ms | ActiveRecord: 0.0ms)
  [1m[36mSQL (0.0ms)[0m  [1m SELECT name
 FROM sqlite_master
 WHERE type = 'table' AND NOT name = 'sqlite_sequence'
[0m
  [1m[35mSQL (0.0ms)[0m   SELECT name
 FROM sqlite_master
 WHERE type = 'table' AND NOT name = 'sqlite_sequence'
  [1m[36mSQL (0.0ms)[0m  [1mSELECT "schema_migrations"."version" FROM "schema_migrations"[0m
  [1m[35mAREL (109.4ms)[0m  DELETE FROM "products" WHERE 1=1
  [1m[36mSQL (0.0ms)[0m  [1mSELECT 1 FROM "products" WHERE ("products"."title" = 'Web Design for Developers') LIMIT 1[0m
  [1m[35mAREL (0.0ms)[0m  INSERT INTO "products" ("updated_at", "image_url", "price", "description", "created_at", "title") VALUES ('2012-07-30 06:11:54.218750', '/images/wd4d.jpg', 42.95, '<p>
 <em>Web Design for Developers</em> will show you how to make your
 web-based application look professionally designed. We''ll help you
 learn how to pick the right colors and fonts, avoid costly interface
 and accessibility mistakes -- your application will really come alive.
 We''ll also walk you through some common Photoshop and CSS techniques
 and work through a web site redesign, taking a new design from concept
 all the way to implementation.
 </p>', '2012-07-30 06:11:54.218750', 'Web Design for Developers')
  [1m[36mSQL (0.0ms)[0m  [1mSELECT 1 FROM "products" WHERE ("products"."title" = 'Programming Ruby 1.9') LIMIT 1[0m
  [1m[35mAREL (0.0ms)[0m  INSERT INTO "products" ("updated_at", "image_url", "price", "description", "created_at", "title") VALUES ('2012-07-30 06:11:54.343750', '/images/ruby.jpg', 49.5, '<p>
 Ruby is the fastest growing and most exciting dynamic language
 out there. If you need to get working programs delivered fast,
 you should add Ruby to your toolbox.
 </p>', '2012-07-30 06:11:54.343750', 'Programming Ruby 1.9')
  [1m[36mSQL (0.0ms)[0m  [1mSELECT 1 FROM "products" WHERE ("products"."title" = 'Rails Test Prescriptions') LIMIT 1[0m
  [1m[35mAREL (0.0ms)[0m  INSERT INTO "products" ("updated_at", "image_url", "price", "description", "created_at", "title") VALUES ('2012-07-30 06:11:54.437500', '/images/rtp.jpg', 43.75, '<p>
 <em>Rails Test Prescriptions</em> is a comprehensive guide to testing
 Rails applications, covering Test-Driven Development from both a
 theoretical perspective (why to test) and from a practical perspective
 (how to test effectively). It covers the core Rails testing tools and
 procedures for Rails 2 and Rails 3, and introduces popular add-ons,
 including Cucumber, Shoulda, Machinist, Mocha, and Rcov.
 </p>', '2012-07-30 06:11:54.437500', 'Rails Test Prescriptions')
  [1m[36mSQL (0.0ms)[0m  [1mSELECT 1 FROM "users" WHERE ("users"."name" = 'dave') LIMIT 1[0m
  [1m[35mAREL (0.0ms)[0m  INSERT INTO "users" ("salt", "updated_at", "hashed_password", "created_at", "name") VALUES ('229794000.596953762515466', '2012-07-30 06:11:54.625000', '2800a96d16c359084d25880a6c2737518db1b8ebd7c1535540913dfff1b4eabb', '2012-07-30 06:11:54.625000', 'dave')


Started GET "/login" for 127.0.0.1 at Mon Jul 30 14:12:32 +0800 2012
  Processing by SessionsController#new as HTML
Rendered sessions/new.html.erb within layouts/application (0.0ms)
Completed 200 OK in 31ms (Views: 31.2ms | ActiveRecord: 0.0ms)


Started POST "/login" for 127.0.0.1 at Mon Jul 30 14:12:37 +0800 2012
  Processing by SessionsController#create as HTML
  Parameters: {"name"=>"dave", "commit"=>"Login", "authenticity_token"=>"Q0u5p4Ly0YHmVikBU2C8Pyyf4JpVPgmVywjME/q/lRk=", "utf8"=>"✓", "password"=>"[FILTERED]"}
  [1m[36mSQL (0.0ms)[0m  [1m SELECT name
 FROM sqlite_master
 WHERE type = 'table' AND NOT name = 'sqlite_sequence'
[0m
  [1m[35mUser Load (0.0ms)[0m  SELECT "users".* FROM "users" WHERE "users"."name" = 'dave' LIMIT 1
Redirected to http://localhost:3000/admin
Completed 302 Found in 109ms


Started GET "/admin" for 127.0.0.1 at Mon Jul 30 14:12:37 +0800 2012
  Processing by AdminController#index as HTML
  [1m[36mUser Load (0.0ms)[0m  [1mSELECT "users".* FROM "users" WHERE "users"."id" = 1 LIMIT 1[0m
  [1m[35mSQL (0.0ms)[0m  SELECT COUNT(*) FROM "orders"
Rendered admin/index.html.erb within layouts/application (0.0ms)
Completed 200 OK in 141ms (Views: 31.2ms | ActiveRecord: 0.0ms)


Started GET "/" for 127.0.0.1 at Mon Jul 30 14:12:45 +0800 2012
  Processing by StoreController#index as HTML
  [1m[36mProduct Load (0.0ms)[0m  [1mSELECT "products".* FROM "products" ORDER BY title[0m
  [1m[35mCart Load (0.0ms)[0m  SELECT "carts".* FROM "carts" WHERE "carts"."id" = 1 LIMIT 1
  [1m[36mSQL (0.0ms)[0m  [1mSELECT COUNT(*) FROM "line_items" WHERE ("line_items".cart_id = 1)[0m
  [1m[35mCACHE (0.0ms)[0m  SELECT COUNT(*) FROM "line_items" WHERE ("line_items".cart_id = 1)
  [1m[36mLineItem Load (0.0ms)[0m  [1mSELECT "line_items".* FROM "line_items" WHERE ("line_items".cart_id = 1)[0m
  [1m[35mProduct Load (0.0ms)[0m  SELECT "products".* FROM "products" WHERE "products"."id" = 2 ORDER BY title LIMIT 1
Rendered line_items/_line_item.html.erb (15.6ms)
Rendered carts/_cart.html.erb (46.9ms)
Rendered store/index.html.erb within layouts/application (437.5ms)
Completed   in 500ms

ActionView::Template::Error (undefined method `title' for nil:NilClass):
    6: 
    7: 
    8:   <td><%= line_item.quantity %>&times;</td>
    9:   <td><%= line_item.product.title %></td>
    10:   <td class="item_price"><%= number_to_currency(line_item.total_price) %></td>
    11: </tr>
  app/views/line_items/_line_item.html.erb:9:in `_app_views_line_items__line_item_html_erb___56182026_37962144_2853492'
  app/views/carts/_cart.html.erb:7:in `_app_views_carts__cart_html_erb___70517564_38053560_933238'
  app/views/layouts/application.html.erb:21:in `_app_views_layouts_application_html_erb___655597278_37361868_0'
  app/helpers/application_helper.rb:6:in `hidden_div_if'
  app/views/layouts/application.html.erb:20:in `_app_views_layouts_application_html_erb___655597278_37361868_0'

Rendered E:/Ruby187/lib/ruby/gems/1.8/gems/actionpack-3.0.7/lib/action_dispatch/middleware/templates/rescues/_trace.erb (0.0ms)
Rendered E:/Ruby187/lib/ruby/gems/1.8/gems/actionpack-3.0.7/lib/action_dispatch/middleware/templates/rescues/_request_and_response.erb (15.6ms)
Rendered E:/Ruby187/lib/ruby/gems/1.8/gems/actionpack-3.0.7/lib/action_dispatch/middleware/templates/rescues/template_error.erb within rescues/layout (31.2ms)


Started GET "/" for 127.0.0.1 at Mon Jul 30 14:12:52 +0800 2012
  Processing by StoreController#index as HTML
  [1m[36mProduct Load (0.0ms)[0m  [1mSELECT "products".* FROM "products" ORDER BY title[0m
  [1m[35mCart Load (0.0ms)[0m  SELECT "carts".* FROM "carts" WHERE "carts"."id" = 1 LIMIT 1
  [1m[36mSQL (0.0ms)[0m  [1mSELECT COUNT(*) FROM "line_items" WHERE ("line_items".cart_id = 1)[0m
  [1m[35mCACHE (0.0ms)[0m  SELECT COUNT(*) FROM "line_items" WHERE ("line_items".cart_id = 1)
  [1m[36mLineItem Load (0.0ms)[0m  [1mSELECT "line_items".* FROM "line_items" WHERE ("line_items".cart_id = 1)[0m
  [1m[35mProduct Load (0.0ms)[0m  SELECT "products".* FROM "products" WHERE "products"."id" = 2 ORDER BY title LIMIT 1
Rendered line_items/_line_item.html.erb (15.6ms)
Rendered carts/_cart.html.erb (31.2ms)
Rendered store/index.html.erb within layouts/application (140.6ms)
Completed   in 297ms

ActionView::Template::Error (undefined method `title' for nil:NilClass):
    6: 
    7: 
    8:   <td><%= line_item.quantity %>&times;</td>
    9:   <td><%= line_item.product.title %></td>
    10:   <td class="item_price"><%= number_to_currency(line_item.total_price) %></td>
    11: </tr>
  app/views/line_items/_line_item.html.erb:9:in `_app_views_line_items__line_item_html_erb___56182026_37969680_2853492'
  app/views/carts/_cart.html.erb:7:in `_app_views_carts__cart_html_erb___70517564_38022588_933238'
  app/views/layouts/application.html.erb:21:in `_app_views_layouts_application_html_erb___655597278_36985488_0'
  app/helpers/application_helper.rb:6:in `hidden_div_if'
  app/views/layouts/application.html.erb:20:in `_app_views_layouts_application_html_erb___655597278_36985488_0'

Rendered E:/Ruby187/lib/ruby/gems/1.8/gems/actionpack-3.0.7/lib/action_dispatch/middleware/templates/rescues/_trace.erb (0.0ms)
Rendered E:/Ruby187/lib/ruby/gems/1.8/gems/actionpack-3.0.7/lib/action_dispatch/middleware/templates/rescues/_request_and_response.erb (15.6ms)
Rendered E:/Ruby187/lib/ruby/gems/1.8/gems/actionpack-3.0.7/lib/action_dispatch/middleware/templates/rescues/template_error.erb within rescues/layout (62.5ms)


Started GET "/" for 127.0.0.1 at Mon Jul 30 14:12:56 +0800 2012
  Processing by StoreController#index as HTML
  [1m[36mProduct Load (0.0ms)[0m  [1mSELECT "products".* FROM "products" ORDER BY title[0m
  [1m[35mCart Load (0.0ms)[0m  SELECT "carts".* FROM "carts" WHERE "carts"."id" = 1 LIMIT 1
  [1m[36mSQL (0.0ms)[0m  [1mSELECT COUNT(*) FROM "line_items" WHERE ("line_items".cart_id = 1)[0m
  [1m[35mCACHE (0.0ms)[0m  SELECT COUNT(*) FROM "line_items" WHERE ("line_items".cart_id = 1)
  [1m[36mLineItem Load (0.0ms)[0m  [1mSELECT "line_items".* FROM "line_items" WHERE ("line_items".cart_id = 1)[0m
  [1m[35mProduct Load (0.0ms)[0m  SELECT "products".* FROM "products" WHERE "products"."id" = 2 ORDER BY title LIMIT 1
Rendered line_items/_line_item.html.erb (109.4ms)
Rendered carts/_cart.html.erb (125.0ms)
Rendered store/index.html.erb within layouts/application (218.8ms)
Completed   in 281ms

ActionView::Template::Error (undefined method `title' for nil:NilClass):
    6: 
    7: 
    8:   <td><%= line_item.quantity %>&times;</td>
    9:   <td><%= line_item.product.title %></td>
    10:   <td class="item_price"><%= number_to_currency(line_item.total_price) %></td>
    11: </tr>
  app/views/line_items/_line_item.html.erb:9:in `_app_views_line_items__line_item_html_erb___56182026_37869552_2853492'
  app/views/carts/_cart.html.erb:7:in `_app_views_carts__cart_html_erb___70517564_37928184_933238'
  app/views/layouts/application.html.erb:21:in `_app_views_layouts_application_html_erb___655597278_36912384_0'
  app/helpers/application_helper.rb:6:in `hidden_div_if'
  app/views/layouts/application.html.erb:20:in `_app_views_layouts_application_html_erb___655597278_36912384_0'

Rendered E:/Ruby187/lib/ruby/gems/1.8/gems/actionpack-3.0.7/lib/action_dispatch/middleware/templates/rescues/_trace.erb (15.6ms)
Rendered E:/Ruby187/lib/ruby/gems/1.8/gems/actionpack-3.0.7/lib/action_dispatch/middleware/templates/rescues/_request_and_response.erb (31.2ms)
Rendered E:/Ruby187/lib/ruby/gems/1.8/gems/actionpack-3.0.7/lib/action_dispatch/middleware/templates/rescues/template_error.erb within rescues/layout (62.5ms)


Started GET "/" for 127.0.0.1 at Mon Jul 30 14:13:03 +0800 2012
  Processing by StoreController#index as HTML
  [1m[36mProduct Load (0.0ms)[0m  [1mSELECT "products".* FROM "products" ORDER BY title[0m
  [1m[35mCart Load (0.0ms)[0m  SELECT "carts".* FROM "carts" WHERE "carts"."id" = 1 LIMIT 1
  [1m[36mSQL (0.0ms)[0m  [1mSELECT COUNT(*) FROM "line_items" WHERE ("line_items".cart_id = 1)[0m
  [1m[35mCACHE (0.0ms)[0m  SELECT COUNT(*) FROM "line_items" WHERE ("line_items".cart_id = 1)
  [1m[36mLineItem Load (0.0ms)[0m  [1mSELECT "line_items".* FROM "line_items" WHERE ("line_items".cart_id = 1)[0m
  [1m[35mProduct Load (0.0ms)[0m  SELECT "products".* FROM "products" WHERE "products"."id" = 2 ORDER BY title LIMIT 1
Rendered line_items/_line_item.html.erb (31.2ms)
Rendered carts/_cart.html.erb (46.9ms)
Rendered store/index.html.erb within layouts/application (187.5ms)
Completed   in 250ms

ActionView::Template::Error (undefined method `title' for nil:NilClass):
    6: 
    7: 
    8:   <td><%= line_item.quantity %>&times;</td>
    9:   <td><%= line_item.product.title %></td>
    10:   <td class="item_price"><%= number_to_currency(line_item.total_price) %></td>
    11: </tr>
  app/views/line_items/_line_item.html.erb:9:in `_app_views_line_items__line_item_html_erb___56182026_37837128_2853492'
  app/views/carts/_cart.html.erb:7:in `_app_views_carts__cart_html_erb___70517564_37869456_933238'
  app/views/layouts/application.html.erb:21:in `_app_views_layouts_application_html_erb___655597278_36785544_0'
  app/helpers/application_helper.rb:6:in `hidden_div_if'
  app/views/layouts/application.html.erb:20:in `_app_views_layouts_application_html_erb___655597278_36785544_0'

Rendered E:/Ruby187/lib/ruby/gems/1.8/gems/actionpack-3.0.7/lib/action_dispatch/middleware/templates/rescues/_trace.erb (0.0ms)
Rendered E:/Ruby187/lib/ruby/gems/1.8/gems/actionpack-3.0.7/lib/action_dispatch/middleware/templates/rescues/_request_and_response.erb (31.2ms)
Rendered E:/Ruby187/lib/ruby/gems/1.8/gems/actionpack-3.0.7/lib/action_dispatch/middleware/templates/rescues/template_error.erb within rescues/layout (46.9ms)


Started GET "/" for 127.0.0.1 at Mon Jul 30 14:13:05 +0800 2012
  Processing by StoreController#index as HTML
  [1m[36mProduct Load (0.0ms)[0m  [1mSELECT "products".* FROM "products" ORDER BY title[0m
  [1m[35mCart Load (0.0ms)[0m  SELECT "carts".* FROM "carts" WHERE "carts"."id" = 1 LIMIT 1
  [1m[36mSQL (0.0ms)[0m  [1mSELECT COUNT(*) FROM "line_items" WHERE ("line_items".cart_id = 1)[0m
  [1m[35mCACHE (0.0ms)[0m  SELECT COUNT(*) FROM "line_items" WHERE ("line_items".cart_id = 1)
  [1m[36mLineItem Load (0.0ms)[0m  [1mSELECT "line_items".* FROM "line_items" WHERE ("line_items".cart_id = 1)[0m
  [1m[35mProduct Load (0.0ms)[0m  SELECT "products".* FROM "products" WHERE "products"."id" = 2 ORDER BY title LIMIT 1
Rendered line_items/_line_item.html.erb (31.2ms)
Rendered carts/_cart.html.erb (31.2ms)
Rendered store/index.html.erb within layouts/application (265.6ms)
Completed   in 531ms

ActionView::Template::Error (undefined method `title' for nil:NilClass):
    6: 
    7: 
    8:   <td><%= line_item.quantity %>&times;</td>
    9:   <td><%= line_item.product.title %></td>
    10:   <td class="item_price"><%= number_to_currency(line_item.total_price) %></td>
    11: </tr>
  app/views/line_items/_line_item.html.erb:9:in `_app_views_line_items__line_item_html_erb___56182026_37725492_2853492'
  app/views/carts/_cart.html.erb:7:in `_app_views_carts__cart_html_erb___70517564_37752084_933238'
  app/views/layouts/application.html.erb:21:in `_app_views_layouts_application_html_erb___655597278_36779148_0'
  app/helpers/application_helper.rb:6:in `hidden_div_if'
  app/views/layouts/application.html.erb:20:in `_app_views_layouts_application_html_erb___655597278_36779148_0'

Rendered E:/Ruby187/lib/ruby/gems/1.8/gems/actionpack-3.0.7/lib/action_dispatch/middleware/templates/rescues/_trace.erb (0.0ms)
Rendered E:/Ruby187/lib/ruby/gems/1.8/gems/actionpack-3.0.7/lib/action_dispatch/middleware/templates/rescues/_request_and_response.erb (31.2ms)
Rendered E:/Ruby187/lib/ruby/gems/1.8/gems/actionpack-3.0.7/lib/action_dispatch/middleware/templates/rescues/template_error.erb within rescues/layout (62.5ms)


Started GET "/" for 127.0.0.1 at Mon Jul 30 14:13:55 +0800 2012
  Processing by StoreController#index as HTML
  [1m[36mProduct Load (0.0ms)[0m  [1mSELECT "products".* FROM "products" ORDER BY title[0m
  [1m[35mCart Load (0.0ms)[0m  SELECT "carts".* FROM "carts" WHERE "carts"."id" = 1 LIMIT 1
  [1m[36mSQL (0.0ms)[0m  [1mSELECT COUNT(*) FROM "line_items" WHERE ("line_items".cart_id = 1)[0m
  [1m[35mCACHE (0.0ms)[0m  SELECT COUNT(*) FROM "line_items" WHERE ("line_items".cart_id = 1)
  [1m[36mLineItem Load (0.0ms)[0m  [1mSELECT "line_items".* FROM "line_items" WHERE ("line_items".cart_id = 1)[0m
  [1m[35mProduct Load (0.0ms)[0m  SELECT "products".* FROM "products" WHERE "products"."id" = 2 ORDER BY title LIMIT 1
Rendered line_items/_line_item.html.erb (15.6ms)
Rendered carts/_cart.html.erb (31.2ms)
Rendered store/index.html.erb within layouts/application (390.6ms)
Completed   in 797ms

ActionView::Template::Error (undefined method `title' for nil:NilClass):
    6: 
    7: 
    8:   <td><%= line_item.quantity %>&times;</td>
    9:   <td><%= line_item.product.title %></td>
    10:   <td class="item_price"><%= number_to_currency(line_item.total_price) %></td>
    11: </tr>
  app/views/line_items/_line_item.html.erb:9:in `_app_views_line_items__line_item_html_erb___56182026_37783584_2853492'
  app/views/carts/_cart.html.erb:7:in `_app_views_carts__cart_html_erb___70517564_37802724_933238'
  app/views/layouts/application.html.erb:21:in `_app_views_layouts_application_html_erb___655597278_36697812_0'
  app/helpers/application_helper.rb:6:in `hidden_div_if'
  app/views/layouts/application.html.erb:20:in `_app_views_layouts_application_html_erb___655597278_36697812_0'

Rendered E:/Ruby187/lib/ruby/gems/1.8/gems/actionpack-3.0.7/lib/action_dispatch/middleware/templates/rescues/_trace.erb (0.0ms)
Rendered E:/Ruby187/lib/ruby/gems/1.8/gems/actionpack-3.0.7/lib/action_dispatch/middleware/templates/rescues/_request_and_response.erb (0.0ms)
Rendered E:/Ruby187/lib/ruby/gems/1.8/gems/actionpack-3.0.7/lib/action_dispatch/middleware/templates/rescues/template_error.erb within rescues/layout (31.2ms)


Started GET "/" for 127.0.0.1 at Mon Jul 30 14:14:26 +0800 2012
  Processing by StoreController#index as HTML
  [1m[36mProduct Load (0.0ms)[0m  [1mSELECT "products".* FROM "products" ORDER BY title[0m
  [1m[35mCart Load (0.0ms)[0m  SELECT "carts".* FROM "carts" WHERE "carts"."id" = 1 LIMIT 1
  [1m[36mSQL (0.0ms)[0m  [1mSELECT COUNT(*) FROM "line_items" WHERE ("line_items".cart_id = 1)[0m
  [1m[35mCACHE (0.0ms)[0m  SELECT COUNT(*) FROM "line_items" WHERE ("line_items".cart_id = 1)
  [1m[36mLineItem Load (0.0ms)[0m  [1mSELECT "line_items".* FROM "line_items" WHERE ("line_items".cart_id = 1)[0m
  [1m[35mProduct Load (15.6ms)[0m  SELECT "products".* FROM "products" WHERE "products"."id" = 2 ORDER BY title LIMIT 1
Rendered line_items/_line_item.html.erb (31.2ms)
Rendered carts/_cart.html.erb (31.2ms)
Rendered store/index.html.erb within layouts/application (187.5ms)
Completed   in 328ms

ActionView::Template::Error (undefined method `title' for nil:NilClass):
    6: 
    7: 
    8:   <td><%= line_item.quantity %>&times;</td>
    9:   <td><%= line_item.product.title %></td>
    10:   <td class="item_price"><%= number_to_currency(line_item.total_price) %></td>
    11: </tr>
  app/views/line_items/_line_item.html.erb:9:in `_app_views_line_items__line_item_html_erb___56182026_37762884_2853492'
  app/views/carts/_cart.html.erb:7:in `_app_views_carts__cart_html_erb___70517564_37789968_933238'
  app/views/layouts/application.html.erb:21:in `_app_views_layouts_application_html_erb___655597278_36852456_0'
  app/helpers/application_helper.rb:6:in `hidden_div_if'
  app/views/layouts/application.html.erb:20:in `_app_views_layouts_application_html_erb___655597278_36852456_0'

Rendered E:/Ruby187/lib/ruby/gems/1.8/gems/actionpack-3.0.7/lib/action_dispatch/middleware/templates/rescues/_trace.erb (0.0ms)
Rendered E:/Ruby187/lib/ruby/gems/1.8/gems/actionpack-3.0.7/lib/action_dispatch/middleware/templates/rescues/_request_and_response.erb (15.6ms)
Rendered E:/Ruby187/lib/ruby/gems/1.8/gems/actionpack-3.0.7/lib/action_dispatch/middleware/templates/rescues/template_error.erb within rescues/layout (31.2ms)


Started GET "/" for 127.0.0.1 at Mon Jul 30 14:18:12 +0800 2012
  Processing by StoreController#index as HTML
  [1m[36mProduct Load (0.0ms)[0m  [1mSELECT "products".* FROM "products" ORDER BY title[0m
  [1m[35mSQL (0.0ms)[0m   SELECT name
 FROM sqlite_master
 WHERE type = 'table' AND NOT name = 'sqlite_sequence'
  [1m[36mCart Load (0.0ms)[0m  [1mSELECT "carts".* FROM "carts" WHERE "carts"."id" = 1 LIMIT 1[0m
  [1m[35mSQL (0.0ms)[0m  SELECT COUNT(*) FROM "line_items" WHERE ("line_items".cart_id = 1)
  [1m[36mCACHE (0.0ms)[0m  [1mSELECT COUNT(*) FROM "line_items" WHERE ("line_items".cart_id = 1)[0m
  [1m[35mLineItem Load (0.0ms)[0m  SELECT "line_items".* FROM "line_items" WHERE ("line_items".cart_id = 1)
  [1m[36mProduct Load (0.0ms)[0m  [1mSELECT "products".* FROM "products" WHERE "products"."id" = 2 ORDER BY title LIMIT 1[0m
Rendered line_items/_line_item.html.erb (15.6ms)
Rendered carts/_cart.html.erb (93.8ms)
Rendered store/index.html.erb within layouts/application (250.0ms)
Completed   in 312ms

ActionView::Template::Error (undefined method `title' for nil:NilClass):
    6: 
    7: 
    8:   <td><%= line_item.quantity %>&times;</td>
    9:   <td><%= line_item.product.title %></td>
    10:   <td class="item_price"><%= number_to_currency(line_item.total_price) %></td>
    11: </tr>
  app/views/line_items/_line_item.html.erb:9:in `_app_views_line_items__line_item_html_erb___56182026_38108784_2834484'
  app/views/carts/_cart.html.erb:7:in `_app_views_carts__cart_html_erb___70517564_36831756_933238'
  app/views/layouts/application.html.erb:21:in `_app_views_layouts_application_html_erb___655597278_37239468_0'
  app/helpers/application_helper.rb:6:in `hidden_div_if'
  app/views/layouts/application.html.erb:20:in `_app_views_layouts_application_html_erb___655597278_37239468_0'

Rendered E:/Ruby187/lib/ruby/gems/1.8/gems/actionpack-3.0.7/lib/action_dispatch/middleware/templates/rescues/_trace.erb (0.0ms)
Rendered E:/Ruby187/lib/ruby/gems/1.8/gems/actionpack-3.0.7/lib/action_dispatch/middleware/templates/rescues/_request_and_response.erb (15.6ms)
Rendered E:/Ruby187/lib/ruby/gems/1.8/gems/actionpack-3.0.7/lib/action_dispatch/middleware/templates/rescues/template_error.erb within rescues/layout (31.2ms)


Started GET "/admin" for 127.0.0.1 at Mon Jul 30 14:19:54 +0800 2012
  Processing by AdminController#index as HTML
  [1m[35mUser Load (0.0ms)[0m  SELECT "users".* FROM "users" WHERE "users"."id" IS NULL LIMIT 1
Redirected to http://127.0.0.1:3000/login
Completed 302 Found in 31ms


Started GET "/login" for 127.0.0.1 at Mon Jul 30 14:19:54 +0800 2012
  Processing by SessionsController#new as HTML
Rendered sessions/new.html.erb within layouts/application (15.6ms)
Completed 200 OK in 31ms (Views: 31.2ms | ActiveRecord: 0.0ms)


Started POST "/login" for 127.0.0.1 at Mon Jul 30 14:20:06 +0800 2012
  Processing by SessionsController#create as HTML
  Parameters: {"name"=>"dave", "commit"=>"Login", "authenticity_token"=>"JK9vmudIMryK2mIG6CMF+4kpcTXn/72zCZl/FRroPHE=", "utf8"=>"✓", "password"=>"[FILTERED]"}
  [1m[36mUser Load (0.0ms)[0m  [1mSELECT "users".* FROM "users" WHERE "users"."name" = 'dave' LIMIT 1[0m
Redirected to http://127.0.0.1:3000/admin
Completed 302 Found in 47ms


Started GET "/admin" for 127.0.0.1 at Mon Jul 30 14:20:06 +0800 2012
  Processing by AdminController#index as HTML
  [1m[35mUser Load (0.0ms)[0m  SELECT "users".* FROM "users" WHERE "users"."id" = 1 LIMIT 1
  [1m[36mSQL (0.0ms)[0m  [1mSELECT COUNT(*) FROM "orders"[0m
Rendered admin/index.html.erb within layouts/application (0.0ms)
Completed 200 OK in 62ms (Views: 15.6ms | ActiveRecord: 0.0ms)


Started GET "/users" for 127.0.0.1 at Mon Jul 30 14:20:12 +0800 2012
  Processing by UsersController#index as HTML
  [1m[35mUser Load (0.0ms)[0m  SELECT "users".* FROM "users" WHERE "users"."id" = 1 LIMIT 1
  [1m[36mUser Load (0.0ms)[0m  [1mSELECT "users".* FROM "users" ORDER BY name[0m
Rendered users/index.html.erb within layouts/application (93.8ms)
Completed 200 OK in 172ms (Views: 125.0ms | ActiveRecord: 0.0ms)


Started GET "/products" for 127.0.0.1 at Mon Jul 30 14:20:13 +0800 2012
  Processing by ProductsController#index as HTML
  [1m[35mUser Load (0.0ms)[0m  SELECT "users".* FROM "users" WHERE "users"."id" = 1 LIMIT 1
  [1m[36mProduct Load (0.0ms)[0m  [1mSELECT "products".* FROM "products" ORDER BY title[0m
Rendered products/index.html.erb within layouts/application (78.1ms)
Completed 200 OK in 141ms (Views: 109.4ms | ActiveRecord: 0.0ms)


Started GET "/orders" for 127.0.0.1 at Mon Jul 30 14:20:15 +0800 2012
  Processing by OrdersController#index as HTML
  [1m[35mUser Load (0.0ms)[0m  SELECT "users".* FROM "users" WHERE "users"."id" = 1 LIMIT 1
  [1m[36mOrder Load (0.0ms)[0m  [1mSELECT "orders".* FROM "orders" ORDER BY updated_at DESC LIMIT 2 OFFSET 0[0m
Rendered orders/index.html.erb within layouts/application (0.0ms)
Completed 200 OK in 62ms (Views: 31.2ms | ActiveRecord: 0.0ms)


Started GET "/carts" for 127.0.0.1 at Mon Jul 30 14:20:26 +0800 2012
  Processing by CartsController#index as HTML
  [1m[35mUser Load (0.0ms)[0m  SELECT "users".* FROM "users" WHERE "users"."id" = 1 LIMIT 1
  [1m[36mCart Load (0.0ms)[0m  [1mSELECT "carts".* FROM "carts"[0m
Rendered carts/index.html.erb within layouts/application (93.8ms)
Completed 200 OK in 156ms (Views: 125.0ms | ActiveRecord: 0.0ms)


Started GET "/line_items" for 127.0.0.1 at Mon Jul 30 14:20:42 +0800 2012
  Processing by LineItemsController#index as HTML
  [1m[35mUser Load (15.6ms)[0m  SELECT "users".* FROM "users" WHERE "users"."id" = 1 LIMIT 1
  [1m[36mLineItem Load (0.0ms)[0m  [1mSELECT "line_items".* FROM "line_items"[0m
Rendered line_items/index.html.erb within layouts/application (31.2ms)
Completed 200 OK in 94ms (Views: 62.5ms | ActiveRecord: 15.6ms)


Started POST "/line_items/3" for 127.0.0.1 at Mon Jul 30 14:20:48 +0800 2012
  Processing by LineItemsController#destroy as HTML
  Parameters: {"authenticity_token"=>"JK9vmudIMryK2mIG6CMF+4kpcTXn/72zCZl/FRroPHE=", "id"=>"3"}
  [1m[35mUser Load (0.0ms)[0m  SELECT "users".* FROM "users" WHERE "users"."id" = 1 LIMIT 1
  [1m[36mLineItem Load (0.0ms)[0m  [1mSELECT "line_items".* FROM "line_items" WHERE "line_items"."id" = 3 LIMIT 1[0m
  [1m[35mAREL (0.0ms)[0m  DELETE FROM "line_items" WHERE "line_items"."id" = 3
Redirected to http://127.0.0.1:3000/line_items
Completed 302 Found in 125ms


Started GET "/line_items" for 127.0.0.1 at Mon Jul 30 14:20:48 +0800 2012
  Processing by LineItemsController#index as HTML
  [1m[36mUser Load (0.0ms)[0m  [1mSELECT "users".* FROM "users" WHERE "users"."id" = 1 LIMIT 1[0m
  [1m[35mLineItem Load (0.0ms)[0m  SELECT "line_items".* FROM "line_items"
Rendered line_items/index.html.erb within layouts/application (203.1ms)
Completed 200 OK in 266ms (Views: 234.4ms | ActiveRecord: 0.0ms)


Started POST "/line_items/2" for 127.0.0.1 at Mon Jul 30 14:20:50 +0800 2012
  Processing by LineItemsController#destroy as HTML
  Parameters: {"authenticity_token"=>"JK9vmudIMryK2mIG6CMF+4kpcTXn/72zCZl/FRroPHE=", "id"=>"2"}
  [1m[36mUser Load (15.6ms)[0m  [1mSELECT "users".* FROM "users" WHERE "users"."id" = 1 LIMIT 1[0m
  [1m[35mLineItem Load (0.0ms)[0m  SELECT "line_items".* FROM "line_items" WHERE "line_items"."id" = 2 LIMIT 1
  [1m[36mAREL (0.0ms)[0m  [1mDELETE FROM "line_items" WHERE "line_items"."id" = 2[0m
Redirected to http://127.0.0.1:3000/line_items
Completed 302 Found in 141ms


Started GET "/line_items" for 127.0.0.1 at Mon Jul 30 14:20:50 +0800 2012
  Processing by LineItemsController#index as HTML
  [1m[35mUser Load (0.0ms)[0m  SELECT "users".* FROM "users" WHERE "users"."id" = 1 LIMIT 1
  [1m[36mLineItem Load (0.0ms)[0m  [1mSELECT "line_items".* FROM "line_items"[0m
Rendered line_items/index.html.erb within layouts/application (187.5ms)
Completed 200 OK in 266ms (Views: 234.4ms | ActiveRecord: 0.0ms)


Started POST "/line_items/1" for 127.0.0.1 at Mon Jul 30 14:20:52 +0800 2012
  Processing by LineItemsController#destroy as HTML
  Parameters: {"authenticity_token"=>"JK9vmudIMryK2mIG6CMF+4kpcTXn/72zCZl/FRroPHE=", "id"=>"1"}
  [1m[35mUser Load (0.0ms)[0m  SELECT "users".* FROM "users" WHERE "users"."id" = 1 LIMIT 1
  [1m[36mLineItem Load (0.0ms)[0m  [1mSELECT "line_items".* FROM "line_items" WHERE "line_items"."id" = 1 LIMIT 1[0m
  [1m[35mAREL (0.0ms)[0m  DELETE FROM "line_items" WHERE "line_items"."id" = 1
Redirected to http://127.0.0.1:3000/line_items
Completed 302 Found in 141ms


Started GET "/line_items" for 127.0.0.1 at Mon Jul 30 14:20:52 +0800 2012
  Processing by LineItemsController#index as HTML
  [1m[36mUser Load (0.0ms)[0m  [1mSELECT "users".* FROM "users" WHERE "users"."id" = 1 LIMIT 1[0m
  [1m[35mLineItem Load (0.0ms)[0m  SELECT "line_items".* FROM "line_items"
Rendered line_items/index.html.erb within layouts/application (31.2ms)
Completed 200 OK in 141ms (Views: 62.5ms | ActiveRecord: 15.6ms)


Started GET "/users" for 127.0.0.1 at Mon Jul 30 14:21:03 +0800 2012
  Processing by UsersController#index as HTML
  [1m[36mUser Load (0.0ms)[0m  [1mSELECT "users".* FROM "users" WHERE "users"."id" = 1 LIMIT 1[0m
  [1m[35mUser Load (0.0ms)[0m  SELECT "users".* FROM "users" ORDER BY name
Rendered users/index.html.erb within layouts/application (31.2ms)
Completed 200 OK in 62ms (Views: 46.9ms | ActiveRecord: 0.0ms)


Started GET "/products" for 127.0.0.1 at Mon Jul 30 14:21:04 +0800 2012
  Processing by ProductsController#index as HTML
  [1m[36mUser Load (0.0ms)[0m  [1mSELECT "users".* FROM "users" WHERE "users"."id" = 1 LIMIT 1[0m
  [1m[35mProduct Load (0.0ms)[0m  SELECT "products".* FROM "products" ORDER BY title
Rendered products/index.html.erb within layouts/application (31.2ms)
Completed 200 OK in 141ms (Views: 109.4ms | ActiveRecord: 0.0ms)


Started GET "/orders" for 127.0.0.1 at Mon Jul 30 14:21:05 +0800 2012
  Processing by OrdersController#index as HTML
  [1m[36mUser Load (0.0ms)[0m  [1mSELECT "users".* FROM "users" WHERE "users"."id" = 1 LIMIT 1[0m
  [1m[35mOrder Load (0.0ms)[0m  SELECT "orders".* FROM "orders" ORDER BY updated_at DESC LIMIT 2 OFFSET 0
Rendered orders/index.html.erb within layouts/application (0.0ms)
Completed 200 OK in 47ms (Views: 15.6ms | ActiveRecord: 0.0ms)


Started GET "/carts" for 127.0.0.1 at Mon Jul 30 14:21:11 +0800 2012
  Processing by CartsController#index as HTML
  [1m[36mUser Load (0.0ms)[0m  [1mSELECT "users".* FROM "users" WHERE "users"."id" = 1 LIMIT 1[0m
  [1m[35mCart Load (0.0ms)[0m  SELECT "carts".* FROM "carts"
Rendered carts/index.html.erb within layouts/application (15.6ms)
Completed 200 OK in 62ms (Views: 31.2ms | ActiveRecord: 0.0ms)


Started POST "/carts/1" for 127.0.0.1 at Mon Jul 30 14:21:14 +0800 2012
  Processing by CartsController#destroy as HTML
  Parameters: {"authenticity_token"=>"JK9vmudIMryK2mIG6CMF+4kpcTXn/72zCZl/FRroPHE=", "id"=>"1"}
  [1m[36mUser Load (0.0ms)[0m  [1mSELECT "users".* FROM "users" WHERE "users"."id" = 1 LIMIT 1[0m
  [1m[35mCart Load (0.0ms)[0m  SELECT "carts".* FROM "carts" WHERE "carts"."id" = 1 LIMIT 1
  [1m[36mLineItem Load (0.0ms)[0m  [1mSELECT "line_items".* FROM "line_items" WHERE ("line_items".cart_id = 1)[0m
  [1m[35mAREL (0.0ms)[0m  DELETE FROM "carts" WHERE "carts"."id" = 1
Redirected to http://127.0.0.1:3000/
Completed 302 Found in 266ms


Started GET "/" for 127.0.0.1 at Mon Jul 30 14:21:14 +0800 2012
  Processing by StoreController#index as HTML
  [1m[36mProduct Load (0.0ms)[0m  [1mSELECT "products".* FROM "products" ORDER BY title[0m
  [1m[35mAREL (0.0ms)[0m  INSERT INTO "carts" ("updated_at", "created_at") VALUES ('2012-07-30 06:21:14.921875', '2012-07-30 06:21:14.921875')
  [1m[36mSQL (0.0ms)[0m  [1mSELECT COUNT(*) FROM "line_items" WHERE ("line_items".cart_id = 2)[0m
Rendered carts/_cart.html.erb (0.0ms)
Rendered store/index.html.erb within layouts/application (46.9ms)
Completed 200 OK in 188ms (Views: 78.1ms | ActiveRecord: 0.0ms)


Started GET "/orders" for 127.0.0.1 at Mon Jul 30 14:21:17 +0800 2012
  Processing by OrdersController#index as HTML
  [1m[35mUser Load (0.0ms)[0m  SELECT "users".* FROM "users" WHERE "users"."id" = 1 LIMIT 1
  [1m[36mOrder Load (0.0ms)[0m  [1mSELECT "orders".* FROM "orders" ORDER BY updated_at DESC LIMIT 2 OFFSET 0[0m
Rendered orders/index.html.erb within layouts/application (15.6ms)
Completed 200 OK in 219ms (Views: 31.2ms | ActiveRecord: 0.0ms)


Started GET "/carts" for 127.0.0.1 at Mon Jul 30 14:21:23 +0800 2012
  Processing by CartsController#index as HTML
  [1m[35mUser Load (0.0ms)[0m  SELECT "users".* FROM "users" WHERE "users"."id" = 1 LIMIT 1
  [1m[36mCart Load (0.0ms)[0m  [1mSELECT "carts".* FROM "carts"[0m
Rendered carts/index.html.erb within layouts/application (15.6ms)
Completed 200 OK in 62ms (Views: 31.2ms | ActiveRecord: 0.0ms)


Started GET "/line_items" for 127.0.0.1 at Mon Jul 30 14:21:36 +0800 2012
  Processing by LineItemsController#index as HTML
  [1m[35mUser Load (0.0ms)[0m  SELECT "users".* FROM "users" WHERE "users"."id" = 1 LIMIT 1
  [1m[36mLineItem Load (0.0ms)[0m  [1mSELECT "line_items".* FROM "line_items"[0m
Rendered line_items/index.html.erb within layouts/application (15.6ms)
Completed 200 OK in 78ms (Views: 31.2ms | ActiveRecord: 0.0ms)


Started GET "/" for 127.0.0.1 at Mon Jul 30 14:21:54 +0800 2012
  Processing by StoreController#index as HTML
  [1m[35mProduct Load (0.0ms)[0m  SELECT "products".* FROM "products" ORDER BY title
  [1m[36mCart Load (0.0ms)[0m  [1mSELECT "carts".* FROM "carts" WHERE "carts"."id" = 2 LIMIT 1[0m
  [1m[35mSQL (0.0ms)[0m  SELECT COUNT(*) FROM "line_items" WHERE ("line_items".cart_id = 2)
Rendered carts/_cart.html.erb (0.0ms)
Rendered store/index.html.erb within layouts/application (218.8ms)
Completed 200 OK in 266ms (Views: 234.4ms | ActiveRecord: 0.0ms)


Started GET "/orders" for 127.0.0.1 at Mon Jul 30 14:22:03 +0800 2012
  Processing by OrdersController#index as HTML
  [1m[36mUser Load (0.0ms)[0m  [1mSELECT "users".* FROM "users" WHERE "users"."id" = 1 LIMIT 1[0m
  [1m[35mOrder Load (0.0ms)[0m  SELECT "orders".* FROM "orders" ORDER BY updated_at DESC LIMIT 2 OFFSET 0
Rendered orders/index.html.erb within layouts/application (15.6ms)
Completed 200 OK in 62ms (Views: 31.2ms | ActiveRecord: 0.0ms)


Started GET "/products" for 127.0.0.1 at Mon Jul 30 14:22:05 +0800 2012
  Processing by ProductsController#index as HTML
  [1m[36mUser Load (0.0ms)[0m  [1mSELECT "users".* FROM "users" WHERE "users"."id" = 1 LIMIT 1[0m
  [1m[35mProduct Load (0.0ms)[0m  SELECT "products".* FROM "products" ORDER BY title
Rendered products/index.html.erb within layouts/application (31.2ms)
Completed 200 OK in 203ms (Views: 46.9ms | ActiveRecord: 0.0ms)


Started GET "/" for 127.0.0.1 at Mon Jul 30 14:23:25 +0800 2012
  Processing by StoreController#index as HTML
  [1m[36mProduct Load (0.0ms)[0m  [1mSELECT "products".* FROM "products" ORDER BY title[0m
  [1m[35mSQL (0.0ms)[0m   SELECT name
 FROM sqlite_master
 WHERE type = 'table' AND NOT name = 'sqlite_sequence'
  [1m[36mCart Load (0.0ms)[0m  [1mSELECT "carts".* FROM "carts" WHERE "carts"."id" = 2 LIMIT 1[0m
  [1m[35mSQL (0.0ms)[0m  SELECT COUNT(*) FROM "line_items" WHERE ("line_items".cart_id = 2)
Rendered carts/_cart.html.erb (0.0ms)
Rendered store/index.html.erb within layouts/application (171.9ms)
Completed 200 OK in 234ms (Views: 187.5ms | ActiveRecord: 0.0ms)


Started POST "/line_items?product_id=5" for 127.0.0.1 at Mon Jul 30 14:23:39 +0800 2012
  Processing by LineItemsController#create as JS
  Parameters: {"product_id"=>"5", "authenticity_token"=>"JK9vmudIMryK2mIG6CMF+4kpcTXn/72zCZl/FRroPHE="}
  [1m[36mCart Load (0.0ms)[0m  [1mSELECT "carts".* FROM "carts" WHERE "carts"."id" = 2 LIMIT 1[0m
  [1m[35mProduct Load (0.0ms)[0m  SELECT "products".* FROM "products" WHERE "products"."id" = 5 ORDER BY title LIMIT 1
  [1m[36mLineItem Load (0.0ms)[0m  [1mSELECT "line_items".* FROM "line_items" WHERE "line_items"."product_id" = 5 AND ("line_items".cart_id = 2) LIMIT 1[0m
  [1m[35mAREL (0.0ms)[0m  INSERT INTO "line_items" ("order_id", "product_id", "created_at", "cart_id", "updated_at", "quantity") VALUES (NULL, 5, '2012-07-30 06:23:39.859375', 2, '2012-07-30 06:23:39.859375', 1)
  [1m[36mSQL (0.0ms)[0m  [1mSELECT COUNT(*) FROM "line_items" WHERE ("line_items".cart_id = 2)[0m
  [1m[35mLineItem Load (0.0ms)[0m  SELECT "line_items".* FROM "line_items" WHERE ("line_items".cart_id = 2)
  [1m[36mProduct Load (0.0ms)[0m  [1mSELECT "products".* FROM "products" WHERE "products"."id" = 5 ORDER BY title LIMIT 1[0m
Rendered line_items/_line_item.html.erb (15.6ms)
Rendered carts/_cart.html.erb (31.2ms)
  [1m[35mSQL (0.0ms)[0m  SELECT SUM("line_items"."quantity") AS sum_id FROM "line_items" WHERE ("line_items".cart_id = 2)
Rendered line_items/create.js.rjs (31.2ms)
Completed 200 OK in 328ms (Views: 93.8ms | ActiveRecord: 0.0ms)


Started POST "/line_items?product_id=6" for 127.0.0.1 at Mon Jul 30 14:23:41 +0800 2012
  Processing by LineItemsController#create as JS
  Parameters: {"product_id"=>"6", "authenticity_token"=>"JK9vmudIMryK2mIG6CMF+4kpcTXn/72zCZl/FRroPHE="}
  [1m[36mCart Load (0.0ms)[0m  [1mSELECT "carts".* FROM "carts" WHERE "carts"."id" = 2 LIMIT 1[0m
  [1m[35mProduct Load (0.0ms)[0m  SELECT "products".* FROM "products" WHERE "products"."id" = 6 ORDER BY title LIMIT 1
  [1m[36mLineItem Load (0.0ms)[0m  [1mSELECT "line_items".* FROM "line_items" WHERE "line_items"."product_id" = 6 AND ("line_items".cart_id = 2) LIMIT 1[0m
  [1m[35mAREL (0.0ms)[0m  INSERT INTO "line_items" ("quantity", "updated_at", "order_id", "product_id", "cart_id", "created_at") VALUES (1, '2012-07-30 06:23:41.593750', NULL, 6, 2, '2012-07-30 06:23:41.593750')
  [1m[36mSQL (0.0ms)[0m  [1mSELECT COUNT(*) FROM "line_items" WHERE ("line_items".cart_id = 2)[0m
  [1m[35mLineItem Load (0.0ms)[0m  SELECT "line_items".* FROM "line_items" WHERE ("line_items".cart_id = 2)
  [1m[36mProduct Load (0.0ms)[0m  [1mSELECT "products".* FROM "products" WHERE "products"."id" = 5 ORDER BY title LIMIT 1[0m
  [1m[35mProduct Load (0.0ms)[0m  SELECT "products".* FROM "products" WHERE "products"."id" = 6 ORDER BY title LIMIT 1
Rendered line_items/_line_item.html.erb (15.6ms)
Rendered carts/_cart.html.erb (15.6ms)
  [1m[36mSQL (0.0ms)[0m  [1mSELECT SUM("line_items"."quantity") AS sum_id FROM "line_items" WHERE ("line_items".cart_id = 2)[0m
Rendered line_items/create.js.rjs (31.2ms)
Completed 200 OK in 297ms (Views: 62.5ms | ActiveRecord: 0.0ms)


Started POST "/carts/2" for 127.0.0.1 at Mon Jul 30 14:23:44 +0800 2012
  Processing by CartsController#destroy as HTML
  Parameters: {"authenticity_token"=>"JK9vmudIMryK2mIG6CMF+4kpcTXn/72zCZl/FRroPHE=", "id"=>"2"}
  [1m[35mUser Load (0.0ms)[0m  SELECT "users".* FROM "users" WHERE "users"."id" = 1 LIMIT 1
  [1m[36mCart Load (0.0ms)[0m  [1mSELECT "carts".* FROM "carts" WHERE "carts"."id" = 2 LIMIT 1[0m
  [1m[35mLineItem Load (0.0ms)[0m  SELECT "line_items".* FROM "line_items" WHERE ("line_items".cart_id = 2)
  [1m[36mAREL (0.0ms)[0m  [1mDELETE FROM "line_items" WHERE "line_items"."id" = 4[0m
  [1m[35mAREL (0.0ms)[0m  DELETE FROM "line_items" WHERE "line_items"."id" = 5
  [1m[36mAREL (0.0ms)[0m  [1mDELETE FROM "carts" WHERE "carts"."id" = 2[0m
Redirected to http://127.0.0.1:3000/
Completed 302 Found in 406ms


Started GET "/" for 127.0.0.1 at Mon Jul 30 14:23:45 +0800 2012
  Processing by StoreController#index as HTML
  [1m[35mProduct Load (0.0ms)[0m  SELECT "products".* FROM "products" ORDER BY title
  [1m[36mAREL (0.0ms)[0m  [1mINSERT INTO "carts" ("updated_at", "created_at") VALUES ('2012-07-30 06:23:45.156250', '2012-07-30 06:23:45.156250')[0m
  [1m[35mSQL (0.0ms)[0m  SELECT COUNT(*) FROM "line_items" WHERE ("line_items".cart_id = 3)
Rendered carts/_cart.html.erb (0.0ms)
Rendered store/index.html.erb within layouts/application (78.1ms)
Completed 200 OK in 250ms (Views: 109.4ms | ActiveRecord: 0.0ms)


Started POST "/line_items?product_id=5" for 127.0.0.1 at Mon Jul 30 14:23:50 +0800 2012
  Processing by LineItemsController#create as JS
  Parameters: {"product_id"=>"5", "authenticity_token"=>"JK9vmudIMryK2mIG6CMF+4kpcTXn/72zCZl/FRroPHE="}
  [1m[36mCart Load (0.0ms)[0m  [1mSELECT "carts".* FROM "carts" WHERE "carts"."id" = 3 LIMIT 1[0m
  [1m[35mProduct Load (0.0ms)[0m  SELECT "products".* FROM "products" WHERE "products"."id" = 5 ORDER BY title LIMIT 1
  [1m[36mLineItem Load (0.0ms)[0m  [1mSELECT "line_items".* FROM "line_items" WHERE "line_items"."product_id" = 5 AND ("line_items".cart_id = 3) LIMIT 1[0m
  [1m[35mAREL (0.0ms)[0m  INSERT INTO "line_items" ("cart_id", "quantity", "order_id", "created_at", "updated_at", "product_id") VALUES (3, 1, NULL, '2012-07-30 06:23:50.500000', '2012-07-30 06:23:50.500000', 5)
  [1m[36mSQL (0.0ms)[0m  [1mSELECT COUNT(*) FROM "line_items" WHERE ("line_items".cart_id = 3)[0m
  [1m[35mLineItem Load (0.0ms)[0m  SELECT "line_items".* FROM "line_items" WHERE ("line_items".cart_id = 3)
  [1m[36mProduct Load (0.0ms)[0m  [1mSELECT "products".* FROM "products" WHERE "products"."id" = 5 ORDER BY title LIMIT 1[0m
Rendered line_items/_line_item.html.erb (0.0ms)
Rendered carts/_cart.html.erb (15.6ms)
  [1m[35mSQL (0.0ms)[0m  SELECT SUM("line_items"."quantity") AS sum_id FROM "line_items" WHERE ("line_items".cart_id = 3)
Rendered line_items/create.js.rjs (15.6ms)
Completed 200 OK in 250ms (Views: 62.5ms | ActiveRecord: 0.0ms)


Started POST "/line_items?product_id=6" for 127.0.0.1 at Mon Jul 30 14:23:51 +0800 2012
  Processing by LineItemsController#create as JS
  Parameters: {"product_id"=>"6", "authenticity_token"=>"JK9vmudIMryK2mIG6CMF+4kpcTXn/72zCZl/FRroPHE="}
  [1m[36mCart Load (0.0ms)[0m  [1mSELECT "carts".* FROM "carts" WHERE "carts"."id" = 3 LIMIT 1[0m
  [1m[35mProduct Load (0.0ms)[0m  SELECT "products".* FROM "products" WHERE "products"."id" = 6 ORDER BY title LIMIT 1
  [1m[36mLineItem Load (0.0ms)[0m  [1mSELECT "line_items".* FROM "line_items" WHERE "line_items"."product_id" = 6 AND ("line_items".cart_id = 3) LIMIT 1[0m
  [1m[35mAREL (0.0ms)[0m  INSERT INTO "line_items" ("cart_id", "product_id", "updated_at", "quantity", "order_id", "created_at") VALUES (3, 6, '2012-07-30 06:23:51.531250', 1, NULL, '2012-07-30 06:23:51.531250')
  [1m[36mSQL (0.0ms)[0m  [1mSELECT COUNT(*) FROM "line_items" WHERE ("line_items".cart_id = 3)[0m
  [1m[35mLineItem Load (0.0ms)[0m  SELECT "line_items".* FROM "line_items" WHERE ("line_items".cart_id = 3)
  [1m[36mProduct Load (0.0ms)[0m  [1mSELECT "products".* FROM "products" WHERE "products"."id" = 5 ORDER BY title LIMIT 1[0m
  [1m[35mProduct Load (0.0ms)[0m  SELECT "products".* FROM "products" WHERE "products"."id" = 6 ORDER BY title LIMIT 1
Rendered line_items/_line_item.html.erb (0.0ms)
Rendered carts/_cart.html.erb (31.2ms)
  [1m[36mSQL (0.0ms)[0m  [1mSELECT SUM("line_items"."quantity") AS sum_id FROM "line_items" WHERE ("line_items".cart_id = 3)[0m
Rendered line_items/create.js.rjs (31.2ms)
Completed 200 OK in 531ms (Views: 78.1ms | ActiveRecord: 0.0ms)


Started GET "/orders/new" for 127.0.0.1 at Mon Jul 30 14:23:53 +0800 2012
  Processing by OrdersController#new as HTML
  [1m[35mCart Load (0.0ms)[0m  SELECT "carts".* FROM "carts" WHERE "carts"."id" = 3 LIMIT 1
  [1m[36mSQL (0.0ms)[0m  [1mSELECT COUNT(*) FROM "line_items" WHERE ("line_items".cart_id = 3)[0m
Rendered orders/_form.html.erb (296.9ms)
Rendered orders/new.html.erb within layouts/application (296.9ms)
Completed 200 OK in 359ms (Views: 328.1ms | ActiveRecord: 0.0ms)


Started POST "/logout" for 127.0.0.1 at Mon Jul 30 14:23:56 +0800 2012
  Processing by SessionsController#destroy as HTML
  Parameters: {"authenticity_token"=>"JK9vmudIMryK2mIG6CMF+4kpcTXn/72zCZl/FRroPHE="}
Redirected to http://127.0.0.1:3000/
Completed 302 Found in 0ms


Started GET "/" for 127.0.0.1 at Mon Jul 30 14:23:56 +0800 2012
  Processing by StoreController#index as HTML
  [1m[35mProduct Load (0.0ms)[0m  SELECT "products".* FROM "products" ORDER BY title
  [1m[36mCart Load (0.0ms)[0m  [1mSELECT "carts".* FROM "carts" WHERE "carts"."id" = 3 LIMIT 1[0m
  [1m[35mSQL (0.0ms)[0m  SELECT COUNT(*) FROM "line_items" WHERE ("line_items".cart_id = 3)
  [1m[36mCACHE (0.0ms)[0m  [1mSELECT COUNT(*) FROM "line_items" WHERE ("line_items".cart_id = 3)[0m
  [1m[35mLineItem Load (0.0ms)[0m  SELECT "line_items".* FROM "line_items" WHERE ("line_items".cart_id = 3)
  [1m[36mProduct Load (0.0ms)[0m  [1mSELECT "products".* FROM "products" WHERE "products"."id" = 5 ORDER BY title LIMIT 1[0m
  [1m[35mProduct Load (0.0ms)[0m  SELECT "products".* FROM "products" WHERE "products"."id" = 6 ORDER BY title LIMIT 1
Rendered line_items/_line_item.html.erb (0.0ms)
Rendered carts/_cart.html.erb (93.8ms)
Rendered store/index.html.erb within layouts/application (156.3ms)
Completed 200 OK in 219ms (Views: 187.5ms | ActiveRecord: 0.0ms)


Started GET "/orders/new" for 127.0.0.1 at Mon Jul 30 14:24:00 +0800 2012
  Processing by OrdersController#new as HTML
  [1m[36mCart Load (0.0ms)[0m  [1mSELECT "carts".* FROM "carts" WHERE "carts"."id" = 3 LIMIT 1[0m
  [1m[35mSQL (0.0ms)[0m  SELECT COUNT(*) FROM "line_items" WHERE ("line_items".cart_id = 3)
Rendered orders/_form.html.erb (218.8ms)
Rendered orders/new.html.erb within layouts/application (234.4ms)
Completed 200 OK in 328ms (Views: 296.9ms | ActiveRecord: 0.0ms)


Started POST "/carts/3" for 127.0.0.1 at Mon Jul 30 14:24:04 +0800 2012
  Processing by CartsController#destroy as HTML
  Parameters: {"authenticity_token"=>"JK9vmudIMryK2mIG6CMF+4kpcTXn/72zCZl/FRroPHE=", "id"=>"3"}
  [1m[36mUser Load (0.0ms)[0m  [1mSELECT "users".* FROM "users" WHERE "users"."id" IS NULL LIMIT 1[0m
Redirected to http://127.0.0.1:3000/login
Completed 302 Found in 16ms


Started GET "/login" for 127.0.0.1 at Mon Jul 30 14:24:04 +0800 2012
  Processing by SessionsController#new as HTML
Rendered sessions/new.html.erb within layouts/application (15.6ms)
Completed 200 OK in 62ms (Views: 62.5ms | ActiveRecord: 0.0ms)


Started POST "/login" for 127.0.0.1 at Mon Jul 30 14:24:06 +0800 2012
  Processing by SessionsController#create as HTML
  Parameters: {"name"=>"dave", "commit"=>"Login", "authenticity_token"=>"JK9vmudIMryK2mIG6CMF+4kpcTXn/72zCZl/FRroPHE=", "utf8"=>"✓", "password"=>"[FILTERED]"}
  [1m[35mUser Load (0.0ms)[0m  SELECT "users".* FROM "users" WHERE "users"."name" = 'dave' LIMIT 1
Redirected to http://127.0.0.1:3000/admin
Completed 302 Found in 62ms


Started GET "/admin" for 127.0.0.1 at Mon Jul 30 14:24:06 +0800 2012
  Processing by AdminController#index as HTML
  [1m[36mUser Load (0.0ms)[0m  [1mSELECT "users".* FROM "users" WHERE "users"."id" = 1 LIMIT 1[0m
  [1m[35mSQL (0.0ms)[0m  SELECT COUNT(*) FROM "orders"
Rendered admin/index.html.erb within layouts/application (0.0ms)
Completed 200 OK in 62ms (Views: 31.2ms | ActiveRecord: 0.0ms)


Started GET "/orders" for 127.0.0.1 at Mon Jul 30 14:24:08 +0800 2012
  Processing by OrdersController#index as HTML
  [1m[36mUser Load (0.0ms)[0m  [1mSELECT "users".* FROM "users" WHERE "users"."id" = 1 LIMIT 1[0m
  [1m[35mOrder Load (0.0ms)[0m  SELECT "orders".* FROM "orders" ORDER BY updated_at DESC LIMIT 2 OFFSET 0
Rendered orders/index.html.erb within layouts/application (15.6ms)
Completed 200 OK in 62ms (Views: 31.2ms | ActiveRecord: 0.0ms)


Started GET "/products" for 127.0.0.1 at Mon Jul 30 14:24:10 +0800 2012
  Processing by ProductsController#index as HTML
  [1m[36mUser Load (0.0ms)[0m  [1mSELECT "users".* FROM "users" WHERE "users"."id" = 1 LIMIT 1[0m
  [1m[35mProduct Load (0.0ms)[0m  SELECT "products".* FROM "products" ORDER BY title
Rendered products/index.html.erb within layouts/application (46.9ms)
Completed 200 OK in 94ms (Views: 62.5ms | ActiveRecord: 0.0ms)


Started GET "/users" for 127.0.0.1 at Mon Jul 30 14:24:12 +0800 2012
  Processing by UsersController#index as HTML
  [1m[36mUser Load (0.0ms)[0m  [1mSELECT "users".* FROM "users" WHERE "users"."id" = 1 LIMIT 1[0m
  [1m[35mUser Load (0.0ms)[0m  SELECT "users".* FROM "users" ORDER BY name
Rendered users/index.html.erb within layouts/application (31.2ms)
Completed 200 OK in 78ms (Views: 46.9ms | ActiveRecord: 0.0ms)


Started GET "/orders" for 127.0.0.1 at Mon Jul 30 14:24:16 +0800 2012
  Processing by OrdersController#index as HTML
  [1m[36mUser Load (0.0ms)[0m  [1mSELECT "users".* FROM "users" WHERE "users"."id" = 1 LIMIT 1[0m
  [1m[35mOrder Load (0.0ms)[0m  SELECT "orders".* FROM "orders" ORDER BY updated_at DESC LIMIT 2 OFFSET 0
Rendered orders/index.html.erb within layouts/application (15.6ms)
Completed 200 OK in 62ms (Views: 31.2ms | ActiveRecord: 0.0ms)


Started GET "/" for 127.0.0.1 at Mon Jul 30 14:24:24 +0800 2012
  Processing by StoreController#index as HTML
  [1m[36mProduct Load (0.0ms)[0m  [1mSELECT "products".* FROM "products" ORDER BY title[0m
  [1m[35mCart Load (0.0ms)[0m  SELECT "carts".* FROM "carts" WHERE "carts"."id" = 3 LIMIT 1
  [1m[36mSQL (0.0ms)[0m  [1mSELECT COUNT(*) FROM "line_items" WHERE ("line_items".cart_id = 3)[0m
  [1m[35mCACHE (0.0ms)[0m  SELECT COUNT(*) FROM "line_items" WHERE ("line_items".cart_id = 3)
  [1m[36mLineItem Load (0.0ms)[0m  [1mSELECT "line_items".* FROM "line_items" WHERE ("line_items".cart_id = 3)[0m
  [1m[35mProduct Load (0.0ms)[0m  SELECT "products".* FROM "products" WHERE "products"."id" = 5 ORDER BY title LIMIT 1
  [1m[36mProduct Load (0.0ms)[0m  [1mSELECT "products".* FROM "products" WHERE "products"."id" = 6 ORDER BY title LIMIT 1[0m
Rendered line_items/_line_item.html.erb (125.0ms)
Rendered carts/_cart.html.erb (125.0ms)
Rendered store/index.html.erb within layouts/application (187.5ms)
Completed 200 OK in 250ms (Views: 218.8ms | ActiveRecord: 0.0ms)


Started POST "/carts/3" for 127.0.0.1 at Mon Jul 30 14:24:27 +0800 2012
  Processing by CartsController#destroy as HTML
  Parameters: {"authenticity_token"=>"JK9vmudIMryK2mIG6CMF+4kpcTXn/72zCZl/FRroPHE=", "id"=>"3"}
  [1m[35mUser Load (0.0ms)[0m  SELECT "users".* FROM "users" WHERE "users"."id" = 1 LIMIT 1
  [1m[36mCart Load (0.0ms)[0m  [1mSELECT "carts".* FROM "carts" WHERE "carts"."id" = 3 LIMIT 1[0m
  [1m[35mLineItem Load (0.0ms)[0m  SELECT "line_items".* FROM "line_items" WHERE ("line_items".cart_id = 3)
  [1m[36mAREL (15.6ms)[0m  [1mDELETE FROM "line_items" WHERE "line_items"."id" = 6[0m
  [1m[35mAREL (0.0ms)[0m  DELETE FROM "line_items" WHERE "line_items"."id" = 7
  [1m[36mAREL (0.0ms)[0m  [1mDELETE FROM "carts" WHERE "carts"."id" = 3[0m
Redirected to http://127.0.0.1:3000/
Completed 302 Found in 281ms


Started GET "/" for 127.0.0.1 at Mon Jul 30 14:24:27 +0800 2012
  Processing by StoreController#index as HTML
  [1m[35mProduct Load (0.0ms)[0m  SELECT "products".* FROM "products" ORDER BY title
  [1m[36mAREL (0.0ms)[0m  [1mINSERT INTO "carts" ("updated_at", "created_at") VALUES ('2012-07-30 06:24:28.328125', '2012-07-30 06:24:28.328125')[0m
  [1m[35mSQL (0.0ms)[0m  SELECT COUNT(*) FROM "line_items" WHERE ("line_items".cart_id = 4)
Rendered carts/_cart.html.erb (0.0ms)
Rendered store/index.html.erb within layouts/application (46.9ms)
Completed 200 OK in 422ms (Views: 62.5ms | ActiveRecord: 0.0ms)
